CRITICAL - 2024-04-17 05:00:52 --> CodeIgniter\View\Exceptions\ViewException: Invalid file: "customers/view_customer.php"
[Method: GET, Route: customer/view]
in SYSTEMPATH\Exceptions\FrameworkException.php on line 41.
 1 SYSTEMPATH\View\View.php(222): CodeIgniter\Exceptions\FrameworkException::forInvalidFile('customers/view_customer.php')
 2 SYSTEMPATH\Common.php(1171): CodeIgniter\View\View->render('customers/view_customer', [], true)
 3 APPPATH\Controllers\CustomerView.php(59): view('customers/view_customer', [...])
 4 SYSTEMPATH\CodeIgniter.php(933): App\Controllers\CustomerView->index()
 5 SYSTEMPATH\CodeIgniter.php(509): CodeIgniter\CodeIgniter->runController(Object(App\Controllers\CustomerView))
 6 SYSTEMPATH\CodeIgniter.php(355): CodeIgniter\CodeIgniter->handleRequest(null, Object(Config\Cache), false)
 7 SYSTEMPATH\Boot.php(312): CodeIgniter\CodeIgniter->run()
 8 SYSTEMPATH\Boot.php(67): CodeIgniter\Boot::runCodeIgniter(Object(CodeIgniter\CodeIgniter))
 9 FCPATH\index.php(56): CodeIgniter\Boot::bootWeb(Object(Config\Paths))
CRITICAL - 2024-04-17 05:07:51 --> ErrorException: Undefined variable $pager
[Method: GET, Route: customer/view]
in APPPATH\Views\customers\view_customers.php on line 94.
 1 APPPATH\Views\customers\view_customers.php(94): CodeIgniter\Debug\Exceptions->errorHandler(2, 'Undefined variable $pager', 'C:\\xampp\\htdocs\\introcrm\\app\\Views\\customers\\view_customers.php', 94)
 2 SYSTEMPATH\View\View.php(234): include('C:\\xampp\\htdocs\\introcrm\\app\\Views\\customers\\view_customers.php')
 3 SYSTEMPATH\View\View.php(237): CodeIgniter\View\View->CodeIgniter\View\{closure}()
 4 SYSTEMPATH\Common.php(1171): CodeIgniter\View\View->render('customers/view_customers', [], true)
 5 APPPATH\Controllers\CustomerView.php(58): view('customers/view_customers', [...])
 6 SYSTEMPATH\CodeIgniter.php(933): App\Controllers\CustomerView->index()
 7 SYSTEMPATH\CodeIgniter.php(509): CodeIgniter\CodeIgniter->runController(Object(App\Controllers\CustomerView))
 8 SYSTEMPATH\CodeIgniter.php(355): CodeIgniter\CodeIgniter->handleRequest(null, Object(Config\Cache), false)
 9 SYSTEMPATH\Boot.php(312): CodeIgniter\CodeIgniter->run()
10 SYSTEMPATH\Boot.php(67): CodeIgniter\Boot::runCodeIgniter(Object(CodeIgniter\CodeIgniter))
11 FCPATH\index.php(56): CodeIgniter\Boot::bootWeb(Object(Config\Paths))
CRITICAL - 2024-04-17 05:11:30 --> Error: Call to undefined method CodeIgniter\Pager\Pager::hasPrevious()
[Method: GET, Route: customer/view]
in APPPATH\Views\customers\view_customers.php on line 94.
 1 SYSTEMPATH\View\View.php(234): include()
 2 SYSTEMPATH\View\View.php(237): CodeIgniter\View\View->CodeIgniter\View\{closure}()
 3 SYSTEMPATH\Common.php(1171): CodeIgniter\View\View->render('customers/view_customers', [], true)
 4 APPPATH\Controllers\CustomerView.php(58): view('customers/view_customers', [...])
 5 SYSTEMPATH\CodeIgniter.php(933): App\Controllers\CustomerView->index()
 6 SYSTEMPATH\CodeIgniter.php(509): CodeIgniter\CodeIgniter->runController(Object(App\Controllers\CustomerView))
 7 SYSTEMPATH\CodeIgniter.php(355): CodeIgniter\CodeIgniter->handleRequest(null, Object(Config\Cache), false)
 8 SYSTEMPATH\Boot.php(312): CodeIgniter\CodeIgniter->run()
 9 SYSTEMPATH\Boot.php(67): CodeIgniter\Boot::runCodeIgniter(Object(CodeIgniter\CodeIgniter))
10 FCPATH\index.php(56): CodeIgniter\Boot::bootWeb(Object(Config\Paths))
CRITICAL - 2024-04-17 05:13:58 --> Error: Call to undefined method CodeIgniter\Pager\Pager::getPreviousPageUrl()
[Method: GET, Route: customer/view]
in APPPATH\Views\customers\view_customers.php on line 83.
 1 SYSTEMPATH\View\View.php(234): include()
 2 SYSTEMPATH\View\View.php(237): CodeIgniter\View\View->CodeIgniter\View\{closure}()
 3 SYSTEMPATH\Common.php(1171): CodeIgniter\View\View->render('customers/view_customers', [], true)
 4 APPPATH\Controllers\CustomerView.php(58): view('customers/view_customers', [...])
 5 SYSTEMPATH\CodeIgniter.php(933): App\Controllers\CustomerView->index()
 6 SYSTEMPATH\CodeIgniter.php(509): CodeIgniter\CodeIgniter->runController(Object(App\Controllers\CustomerView))
 7 SYSTEMPATH\CodeIgniter.php(355): CodeIgniter\CodeIgniter->handleRequest(null, Object(Config\Cache), false)
 8 SYSTEMPATH\Boot.php(312): CodeIgniter\CodeIgniter->run()
 9 SYSTEMPATH\Boot.php(67): CodeIgniter\Boot::runCodeIgniter(Object(CodeIgniter\CodeIgniter))
10 FCPATH\index.php(56): CodeIgniter\Boot::bootWeb(Object(Config\Paths))
CRITICAL - 2024-04-17 05:16:36 --> Error: Call to undefined method CodeIgniter\Pager\Pager::getPreviousPageUrl()
[Method: GET, Route: customer/view]
in APPPATH\Controllers\CustomerView.php on line 52.
 1 SYSTEMPATH\CodeIgniter.php(933): App\Controllers\CustomerView->index()
 2 SYSTEMPATH\CodeIgniter.php(509): CodeIgniter\CodeIgniter->runController(Object(App\Controllers\CustomerView))
 3 SYSTEMPATH\CodeIgniter.php(355): CodeIgniter\CodeIgniter->handleRequest(null, Object(Config\Cache), false)
 4 SYSTEMPATH\Boot.php(312): CodeIgniter\CodeIgniter->run()
 5 SYSTEMPATH\Boot.php(67): CodeIgniter\Boot::runCodeIgniter(Object(CodeIgniter\CodeIgniter))
 6 FCPATH\index.php(56): CodeIgniter\Boot::bootWeb(Object(Config\Paths))
CRITICAL - 2024-04-17 05:24:53 --> Error: Call to undefined method CodeIgniter\Pager\Pager::getPreviousPageUrl()
[Method: GET, Route: customer/view]
in APPPATH\Controllers\CustomerView.php on line 51.
 1 SYSTEMPATH\CodeIgniter.php(933): App\Controllers\CustomerView->index()
 2 SYSTEMPATH\CodeIgniter.php(509): CodeIgniter\CodeIgniter->runController(Object(App\Controllers\CustomerView))
 3 SYSTEMPATH\CodeIgniter.php(355): CodeIgniter\CodeIgniter->handleRequest(null, Object(Config\Cache), false)
 4 SYSTEMPATH\Boot.php(312): CodeIgniter\CodeIgniter->run()
 5 SYSTEMPATH\Boot.php(67): CodeIgniter\Boot::runCodeIgniter(Object(CodeIgniter\CodeIgniter))
 6 FCPATH\index.php(56): CodeIgniter\Boot::bootWeb(Object(Config\Paths))
CRITICAL - 2024-04-17 05:25:00 --> Error: Call to undefined method CodeIgniter\Pager\Pager::getPreviousPageUrl()
[Method: GET, Route: customer/view]
in APPPATH\Controllers\CustomerView.php on line 51.
 1 SYSTEMPATH\CodeIgniter.php(933): App\Controllers\CustomerView->index()
 2 SYSTEMPATH\CodeIgniter.php(509): CodeIgniter\CodeIgniter->runController(Object(App\Controllers\CustomerView))
 3 SYSTEMPATH\CodeIgniter.php(355): CodeIgniter\CodeIgniter->handleRequest(null, Object(Config\Cache), false)
 4 SYSTEMPATH\Boot.php(312): CodeIgniter\CodeIgniter->run()
 5 SYSTEMPATH\Boot.php(67): CodeIgniter\Boot::runCodeIgniter(Object(CodeIgniter\CodeIgniter))
 6 FCPATH\index.php(56): CodeIgniter\Boot::bootWeb(Object(Config\Paths))
CRITICAL - 2024-04-17 05:30:01 --> ErrorException: Undefined variable $previousPageUrl
[Method: GET, Route: customer/view]
in APPPATH\Views\customers\view_customers.php on line 84.
 1 APPPATH\Views\customers\view_customers.php(84): CodeIgniter\Debug\Exceptions->errorHandler(2, 'Undefined variable $previousPageUrl', 'C:\\xampp\\htdocs\\introcrm\\app\\Views\\customers\\view_customers.php', 84)
 2 SYSTEMPATH\View\View.php(234): include('C:\\xampp\\htdocs\\introcrm\\app\\Views\\customers\\view_customers.php')
 3 SYSTEMPATH\View\View.php(237): CodeIgniter\View\View->CodeIgniter\View\{closure}()
 4 SYSTEMPATH\Common.php(1171): CodeIgniter\View\View->render('customers/view_customers', [], true)
 5 APPPATH\Controllers\CustomerView.php(57): view('customers/view_customers', [...])
 6 SYSTEMPATH\CodeIgniter.php(933): App\Controllers\CustomerView->index()
 7 SYSTEMPATH\CodeIgniter.php(509): CodeIgniter\CodeIgniter->runController(Object(App\Controllers\CustomerView))
 8 SYSTEMPATH\CodeIgniter.php(355): CodeIgniter\CodeIgniter->handleRequest(null, Object(Config\Cache), false)
 9 SYSTEMPATH\Boot.php(312): CodeIgniter\CodeIgniter->run()
10 SYSTEMPATH\Boot.php(67): CodeIgniter\Boot::runCodeIgniter(Object(CodeIgniter\CodeIgniter))
11 FCPATH\index.php(56): CodeIgniter\Boot::bootWeb(Object(Config\Paths))
CRITICAL - 2024-04-17 05:31:09 --> Error: Call to undefined method CodeIgniter\Pager\Pager::getPreviousPage()
[Method: GET, Route: customer/view]
in APPPATH\Controllers\CustomerView.php on line 54.
 1 SYSTEMPATH\CodeIgniter.php(933): App\Controllers\CustomerView->index()
 2 SYSTEMPATH\CodeIgniter.php(509): CodeIgniter\CodeIgniter->runController(Object(App\Controllers\CustomerView))
 3 SYSTEMPATH\CodeIgniter.php(355): CodeIgniter\CodeIgniter->handleRequest(null, Object(Config\Cache), false)
 4 SYSTEMPATH\Boot.php(312): CodeIgniter\CodeIgniter->run()
 5 SYSTEMPATH\Boot.php(67): CodeIgniter\Boot::runCodeIgniter(Object(CodeIgniter\CodeIgniter))
 6 FCPATH\index.php(56): CodeIgniter\Boot::bootWeb(Object(Config\Paths))
CRITICAL - 2024-04-17 05:34:50 --> Error: Call to undefined method CodeIgniter\Pager\Pager::getPreviousPage()
[Method: GET, Route: customer/view]
in APPPATH\Controllers\CustomerView.php on line 54.
 1 SYSTEMPATH\CodeIgniter.php(933): App\Controllers\CustomerView->index()
 2 SYSTEMPATH\CodeIgniter.php(509): CodeIgniter\CodeIgniter->runController(Object(App\Controllers\CustomerView))
 3 SYSTEMPATH\CodeIgniter.php(355): CodeIgniter\CodeIgniter->handleRequest(null, Object(Config\Cache), false)
 4 SYSTEMPATH\Boot.php(312): CodeIgniter\CodeIgniter->run()
 5 SYSTEMPATH\Boot.php(67): CodeIgniter\Boot::runCodeIgniter(Object(CodeIgniter\CodeIgniter))
 6 FCPATH\index.php(56): CodeIgniter\Boot::bootWeb(Object(Config\Paths))
CRITICAL - 2024-04-17 05:38:09 --> ErrorException: Undefined variable $currentURL
[Method: GET, Route: customer/view]
in APPPATH\Views\dashboard\sidebar.php on line 3.
 1 APPPATH\Views\dashboard\sidebar.php(3): CodeIgniter\Debug\Exceptions->errorHandler(2, 'Undefined variable $currentURL', 'C:\\xampp\\htdocs\\introcrm\\app\\Views\\dashboard\\sidebar.php', 3)
 2 SYSTEMPATH\View\View.php(234): include('C:\\xampp\\htdocs\\introcrm\\app\\Views\\dashboard\\sidebar.php')
 3 SYSTEMPATH\View\View.php(237): CodeIgniter\View\View->CodeIgniter\View\{closure}()
 4 SYSTEMPATH\View\View.php(484): CodeIgniter\View\View->render('dashboard/sidebar', null, true)
 5 APPPATH\Views\layout\layout.php(2): CodeIgniter\View\View->include('dashboard/sidebar')
 6 SYSTEMPATH\View\View.php(234): include('C:\\xampp\\htdocs\\introcrm\\app\\Views\\layout\\layout.php')
 7 SYSTEMPATH\View\View.php(237): CodeIgniter\View\View->CodeIgniter\View\{closure}()
 8 SYSTEMPATH\View\View.php(250): CodeIgniter\View\View->render('layout/layout', [], true)
 9 SYSTEMPATH\Common.php(1171): CodeIgniter\View\View->render('customers/view_customers', [], true)
10 APPPATH\Controllers\CustomerView.php(66): view('customers/view_customers', [...])
11 SYSTEMPATH\CodeIgniter.php(933): App\Controllers\CustomerView->index()
12 SYSTEMPATH\CodeIgniter.php(509): CodeIgniter\CodeIgniter->runController(Object(App\Controllers\CustomerView))
13 SYSTEMPATH\CodeIgniter.php(355): CodeIgniter\CodeIgniter->handleRequest(null, Object(Config\Cache), false)
14 SYSTEMPATH\Boot.php(312): CodeIgniter\CodeIgniter->run()
15 SYSTEMPATH\Boot.php(67): CodeIgniter\Boot::runCodeIgniter(Object(CodeIgniter\CodeIgniter))
16 FCPATH\index.php(56): CodeIgniter\Boot::bootWeb(Object(Config\Paths))
CRITICAL - 2024-04-17 05:44:45 --> ErrorException: Undefined variable $currentURL
[Method: GET, Route: customer/view]
in APPPATH\Views\dashboard\sidebar.php on line 3.
 1 APPPATH\Views\dashboard\sidebar.php(3): CodeIgniter\Debug\Exceptions->errorHandler(2, 'Undefined variable $currentURL', 'C:\\xampp\\htdocs\\introcrm\\app\\Views\\dashboard\\sidebar.php', 3)
 2 SYSTEMPATH\View\View.php(234): include('C:\\xampp\\htdocs\\introcrm\\app\\Views\\dashboard\\sidebar.php')
 3 SYSTEMPATH\View\View.php(237): CodeIgniter\View\View->CodeIgniter\View\{closure}()
 4 SYSTEMPATH\View\View.php(484): CodeIgniter\View\View->render('dashboard/sidebar', null, true)
 5 APPPATH\Views\layout\layout.php(2): CodeIgniter\View\View->include('dashboard/sidebar')
 6 SYSTEMPATH\View\View.php(234): include('C:\\xampp\\htdocs\\introcrm\\app\\Views\\layout\\layout.php')
 7 SYSTEMPATH\View\View.php(237): CodeIgniter\View\View->CodeIgniter\View\{closure}()
 8 SYSTEMPATH\View\View.php(250): CodeIgniter\View\View->render('layout/layout', [], true)
 9 SYSTEMPATH\Common.php(1171): CodeIgniter\View\View->render('customers/view_customers', [], true)
10 APPPATH\Controllers\CustomerView.php(66): view('customers/view_customers', [...])
11 SYSTEMPATH\CodeIgniter.php(933): App\Controllers\CustomerView->index()
12 SYSTEMPATH\CodeIgniter.php(509): CodeIgniter\CodeIgniter->runController(Object(App\Controllers\CustomerView))
13 SYSTEMPATH\CodeIgniter.php(355): CodeIgniter\CodeIgniter->handleRequest(null, Object(Config\Cache), false)
14 SYSTEMPATH\Boot.php(312): CodeIgniter\CodeIgniter->run()
15 SYSTEMPATH\Boot.php(67): CodeIgniter\Boot::runCodeIgniter(Object(CodeIgniter\CodeIgniter))
16 FCPATH\index.php(56): CodeIgniter\Boot::bootWeb(Object(Config\Paths))
CRITICAL - 2024-04-17 05:45:56 --> ErrorException: Undefined variable $currentURL
[Method: GET, Route: customer/view]
in APPPATH\Views\dashboard\sidebar.php on line 3.
 1 APPPATH\Views\dashboard\sidebar.php(3): CodeIgniter\Debug\Exceptions->errorHandler(2, 'Undefined variable $currentURL', 'C:\\xampp\\htdocs\\introcrm\\app\\Views\\dashboard\\sidebar.php', 3)
 2 SYSTEMPATH\View\View.php(234): include('C:\\xampp\\htdocs\\introcrm\\app\\Views\\dashboard\\sidebar.php')
 3 SYSTEMPATH\View\View.php(237): CodeIgniter\View\View->CodeIgniter\View\{closure}()
 4 SYSTEMPATH\View\View.php(484): CodeIgniter\View\View->render('dashboard/sidebar', null, true)
 5 APPPATH\Views\layout\layout.php(2): CodeIgniter\View\View->include('dashboard/sidebar')
 6 SYSTEMPATH\View\View.php(234): include('C:\\xampp\\htdocs\\introcrm\\app\\Views\\layout\\layout.php')
 7 SYSTEMPATH\View\View.php(237): CodeIgniter\View\View->CodeIgniter\View\{closure}()
 8 SYSTEMPATH\View\View.php(250): CodeIgniter\View\View->render('layout/layout', [], true)
 9 SYSTEMPATH\Common.php(1171): CodeIgniter\View\View->render('customers/view_customers', [], true)
10 APPPATH\Controllers\CustomerView.php(66): view('customers/view_customers', [...])
11 SYSTEMPATH\CodeIgniter.php(933): App\Controllers\CustomerView->index()
12 SYSTEMPATH\CodeIgniter.php(509): CodeIgniter\CodeIgniter->runController(Object(App\Controllers\CustomerView))
13 SYSTEMPATH\CodeIgniter.php(355): CodeIgniter\CodeIgniter->handleRequest(null, Object(Config\Cache), false)
14 SYSTEMPATH\Boot.php(312): CodeIgniter\CodeIgniter->run()
15 SYSTEMPATH\Boot.php(67): CodeIgniter\Boot::runCodeIgniter(Object(CodeIgniter\CodeIgniter))
16 FCPATH\index.php(56): CodeIgniter\Boot::bootWeb(Object(Config\Paths))
CRITICAL - 2024-04-17 05:46:02 --> ErrorException: Undefined variable $currentURL
[Method: GET, Route: customer/view]
in APPPATH\Views\dashboard\sidebar.php on line 3.
 1 APPPATH\Views\dashboard\sidebar.php(3): CodeIgniter\Debug\Exceptions->errorHandler(2, 'Undefined variable $currentURL', 'C:\\xampp\\htdocs\\introcrm\\app\\Views\\dashboard\\sidebar.php', 3)
 2 SYSTEMPATH\View\View.php(234): include('C:\\xampp\\htdocs\\introcrm\\app\\Views\\dashboard\\sidebar.php')
 3 SYSTEMPATH\View\View.php(237): CodeIgniter\View\View->CodeIgniter\View\{closure}()
 4 SYSTEMPATH\View\View.php(484): CodeIgniter\View\View->render('dashboard/sidebar', null, true)
 5 APPPATH\Views\layout\layout.php(2): CodeIgniter\View\View->include('dashboard/sidebar')
 6 SYSTEMPATH\View\View.php(234): include('C:\\xampp\\htdocs\\introcrm\\app\\Views\\layout\\layout.php')
 7 SYSTEMPATH\View\View.php(237): CodeIgniter\View\View->CodeIgniter\View\{closure}()
 8 SYSTEMPATH\View\View.php(250): CodeIgniter\View\View->render('layout/layout', [], true)
 9 SYSTEMPATH\Common.php(1171): CodeIgniter\View\View->render('customers/view_customers', [], true)
10 APPPATH\Controllers\CustomerView.php(66): view('customers/view_customers', [...])
11 SYSTEMPATH\CodeIgniter.php(933): App\Controllers\CustomerView->index()
12 SYSTEMPATH\CodeIgniter.php(509): CodeIgniter\CodeIgniter->runController(Object(App\Controllers\CustomerView))
13 SYSTEMPATH\CodeIgniter.php(355): CodeIgniter\CodeIgniter->handleRequest(null, Object(Config\Cache), false)
14 SYSTEMPATH\Boot.php(312): CodeIgniter\CodeIgniter->run()
15 SYSTEMPATH\Boot.php(67): CodeIgniter\Boot::runCodeIgniter(Object(CodeIgniter\CodeIgniter))
16 FCPATH\index.php(56): CodeIgniter\Boot::bootWeb(Object(Config\Paths))
CRITICAL - 2024-04-17 05:49:07 --> ErrorException: Undefined variable $currentURL
[Method: GET, Route: customer/view]
in APPPATH\Views\dashboard\sidebar.php on line 3.
 1 APPPATH\Views\dashboard\sidebar.php(3): CodeIgniter\Debug\Exceptions->errorHandler(2, 'Undefined variable $currentURL', 'C:\\xampp\\htdocs\\introcrm\\app\\Views\\dashboard\\sidebar.php', 3)
 2 SYSTEMPATH\View\View.php(234): include('C:\\xampp\\htdocs\\introcrm\\app\\Views\\dashboard\\sidebar.php')
 3 SYSTEMPATH\View\View.php(237): CodeIgniter\View\View->CodeIgniter\View\{closure}()
 4 SYSTEMPATH\View\View.php(484): CodeIgniter\View\View->render('dashboard/sidebar', null, true)
 5 APPPATH\Views\layout\layout.php(2): CodeIgniter\View\View->include('dashboard/sidebar')
 6 SYSTEMPATH\View\View.php(234): include('C:\\xampp\\htdocs\\introcrm\\app\\Views\\layout\\layout.php')
 7 SYSTEMPATH\View\View.php(237): CodeIgniter\View\View->CodeIgniter\View\{closure}()
 8 SYSTEMPATH\View\View.php(250): CodeIgniter\View\View->render('layout/layout', [], true)
 9 SYSTEMPATH\Common.php(1171): CodeIgniter\View\View->render('customers/view_customers', [], true)
10 APPPATH\Controllers\CustomerView.php(66): view('customers/view_customers', [...])
11 SYSTEMPATH\CodeIgniter.php(933): App\Controllers\CustomerView->index()
12 SYSTEMPATH\CodeIgniter.php(509): CodeIgniter\CodeIgniter->runController(Object(App\Controllers\CustomerView))
13 SYSTEMPATH\CodeIgniter.php(355): CodeIgniter\CodeIgniter->handleRequest(null, Object(Config\Cache), false)
14 SYSTEMPATH\Boot.php(312): CodeIgniter\CodeIgniter->run()
15 SYSTEMPATH\Boot.php(67): CodeIgniter\Boot::runCodeIgniter(Object(CodeIgniter\CodeIgniter))
16 FCPATH\index.php(56): CodeIgniter\Boot::bootWeb(Object(Config\Paths))
CRITICAL - 2024-04-17 05:49:10 --> ErrorException: Undefined variable $currentURL
[Method: GET, Route: customer/view]
in APPPATH\Views\dashboard\sidebar.php on line 3.
 1 APPPATH\Views\dashboard\sidebar.php(3): CodeIgniter\Debug\Exceptions->errorHandler(2, 'Undefined variable $currentURL', 'C:\\xampp\\htdocs\\introcrm\\app\\Views\\dashboard\\sidebar.php', 3)
 2 SYSTEMPATH\View\View.php(234): include('C:\\xampp\\htdocs\\introcrm\\app\\Views\\dashboard\\sidebar.php')
 3 SYSTEMPATH\View\View.php(237): CodeIgniter\View\View->CodeIgniter\View\{closure}()
 4 SYSTEMPATH\View\View.php(484): CodeIgniter\View\View->render('dashboard/sidebar', null, true)
 5 APPPATH\Views\layout\layout.php(2): CodeIgniter\View\View->include('dashboard/sidebar')
 6 SYSTEMPATH\View\View.php(234): include('C:\\xampp\\htdocs\\introcrm\\app\\Views\\layout\\layout.php')
 7 SYSTEMPATH\View\View.php(237): CodeIgniter\View\View->CodeIgniter\View\{closure}()
 8 SYSTEMPATH\View\View.php(250): CodeIgniter\View\View->render('layout/layout', [], true)
 9 SYSTEMPATH\Common.php(1171): CodeIgniter\View\View->render('customers/view_customers', [], true)
10 APPPATH\Controllers\CustomerView.php(66): view('customers/view_customers', [...])
11 SYSTEMPATH\CodeIgniter.php(933): App\Controllers\CustomerView->index()
12 SYSTEMPATH\CodeIgniter.php(509): CodeIgniter\CodeIgniter->runController(Object(App\Controllers\CustomerView))
13 SYSTEMPATH\CodeIgniter.php(355): CodeIgniter\CodeIgniter->handleRequest(null, Object(Config\Cache), false)
14 SYSTEMPATH\Boot.php(312): CodeIgniter\CodeIgniter->run()
15 SYSTEMPATH\Boot.php(67): CodeIgniter\Boot::runCodeIgniter(Object(CodeIgniter\CodeIgniter))
16 FCPATH\index.php(56): CodeIgniter\Boot::bootWeb(Object(Config\Paths))
CRITICAL - 2024-04-17 05:49:44 --> ErrorException: Undefined variable $currentURL
[Method: GET, Route: customer/view]
in APPPATH\Views\dashboard\sidebar.php on line 3.
 1 APPPATH\Views\dashboard\sidebar.php(3): CodeIgniter\Debug\Exceptions->errorHandler(2, 'Undefined variable $currentURL', 'C:\\xampp\\htdocs\\introcrm\\app\\Views\\dashboard\\sidebar.php', 3)
 2 SYSTEMPATH\View\View.php(234): include('C:\\xampp\\htdocs\\introcrm\\app\\Views\\dashboard\\sidebar.php')
 3 SYSTEMPATH\View\View.php(237): CodeIgniter\View\View->CodeIgniter\View\{closure}()
 4 SYSTEMPATH\View\View.php(484): CodeIgniter\View\View->render('dashboard/sidebar', null, true)
 5 APPPATH\Views\layout\layout.php(2): CodeIgniter\View\View->include('dashboard/sidebar')
 6 SYSTEMPATH\View\View.php(234): include('C:\\xampp\\htdocs\\introcrm\\app\\Views\\layout\\layout.php')
 7 SYSTEMPATH\View\View.php(237): CodeIgniter\View\View->CodeIgniter\View\{closure}()
 8 SYSTEMPATH\View\View.php(250): CodeIgniter\View\View->render('layout/layout', [], true)
 9 SYSTEMPATH\Common.php(1171): CodeIgniter\View\View->render('customers/view_customers', [], true)
10 APPPATH\Controllers\CustomerView.php(66): view('customers/view_customers', [...])
11 SYSTEMPATH\CodeIgniter.php(933): App\Controllers\CustomerView->index()
12 SYSTEMPATH\CodeIgniter.php(509): CodeIgniter\CodeIgniter->runController(Object(App\Controllers\CustomerView))
13 SYSTEMPATH\CodeIgniter.php(355): CodeIgniter\CodeIgniter->handleRequest(null, Object(Config\Cache), false)
14 SYSTEMPATH\Boot.php(312): CodeIgniter\CodeIgniter->run()
15 SYSTEMPATH\Boot.php(67): CodeIgniter\Boot::runCodeIgniter(Object(CodeIgniter\CodeIgniter))
16 FCPATH\index.php(56): CodeIgniter\Boot::bootWeb(Object(Config\Paths))
CRITICAL - 2024-04-17 05:50:44 --> ErrorException: Undefined variable $baseURL
[Method: GET, Route: customer/view]
in APPPATH\Controllers\CustomerView.php on line 61.
 1 APPPATH\Controllers\CustomerView.php(61): CodeIgniter\Debug\Exceptions->errorHandler(2, 'Undefined variable $baseURL', 'C:\\xampp\\htdocs\\introcrm\\app\\Controllers\\CustomerView.php', 61)
 2 SYSTEMPATH\CodeIgniter.php(933): App\Controllers\CustomerView->index()
 3 SYSTEMPATH\CodeIgniter.php(509): CodeIgniter\CodeIgniter->runController(Object(App\Controllers\CustomerView))
 4 SYSTEMPATH\CodeIgniter.php(355): CodeIgniter\CodeIgniter->handleRequest(null, Object(Config\Cache), false)
 5 SYSTEMPATH\Boot.php(312): CodeIgniter\CodeIgniter->run()
 6 SYSTEMPATH\Boot.php(67): CodeIgniter\Boot::runCodeIgniter(Object(CodeIgniter\CodeIgniter))
 7 FCPATH\index.php(56): CodeIgniter\Boot::bootWeb(Object(Config\Paths))
CRITICAL - 2024-04-17 05:52:18 --> ErrorException: Undefined variable $currentURL
[Method: GET, Route: customer/view]
in APPPATH\Views\dashboard\sidebar.php on line 3.
 1 APPPATH\Views\dashboard\sidebar.php(3): CodeIgniter\Debug\Exceptions->errorHandler(2, 'Undefined variable $currentURL', 'C:\\xampp\\htdocs\\introcrm\\app\\Views\\dashboard\\sidebar.php', 3)
 2 SYSTEMPATH\View\View.php(234): include('C:\\xampp\\htdocs\\introcrm\\app\\Views\\dashboard\\sidebar.php')
 3 SYSTEMPATH\View\View.php(237): CodeIgniter\View\View->CodeIgniter\View\{closure}()
 4 SYSTEMPATH\View\View.php(484): CodeIgniter\View\View->render('dashboard/sidebar', null, true)
 5 APPPATH\Views\layout\layout.php(2): CodeIgniter\View\View->include('dashboard/sidebar')
 6 SYSTEMPATH\View\View.php(234): include('C:\\xampp\\htdocs\\introcrm\\app\\Views\\layout\\layout.php')
 7 SYSTEMPATH\View\View.php(237): CodeIgniter\View\View->CodeIgniter\View\{closure}()
 8 SYSTEMPATH\View\View.php(250): CodeIgniter\View\View->render('layout/layout', [], true)
 9 SYSTEMPATH\Common.php(1171): CodeIgniter\View\View->render('customers/view_customers', [], true)
10 APPPATH\Controllers\CustomerView.php(66): view('customers/view_customers', [...])
11 SYSTEMPATH\CodeIgniter.php(933): App\Controllers\CustomerView->index()
12 SYSTEMPATH\CodeIgniter.php(509): CodeIgniter\CodeIgniter->runController(Object(App\Controllers\CustomerView))
13 SYSTEMPATH\CodeIgniter.php(355): CodeIgniter\CodeIgniter->handleRequest(null, Object(Config\Cache), false)
14 SYSTEMPATH\Boot.php(312): CodeIgniter\CodeIgniter->run()
15 SYSTEMPATH\Boot.php(67): CodeIgniter\Boot::runCodeIgniter(Object(CodeIgniter\CodeIgniter))
16 FCPATH\index.php(56): CodeIgniter\Boot::bootWeb(Object(Config\Paths))
CRITICAL - 2024-04-17 05:53:12 --> ErrorException: Undefined variable $baseURL
[Method: GET, Route: customer/view]
in APPPATH\Views\dashboard\header.php on line 11.
 1 APPPATH\Views\dashboard\header.php(11): CodeIgniter\Debug\Exceptions->errorHandler(2, 'Undefined variable $baseURL', 'C:\\xampp\\htdocs\\introcrm\\app\\Views\\dashboard\\header.php', 11)
 2 SYSTEMPATH\View\View.php(234): include('C:\\xampp\\htdocs\\introcrm\\app\\Views\\dashboard\\header.php')
 3 SYSTEMPATH\View\View.php(237): CodeIgniter\View\View->CodeIgniter\View\{closure}()
 4 SYSTEMPATH\View\View.php(484): CodeIgniter\View\View->render('dashboard/header', null, true)
 5 APPPATH\Views\layout\layout.php(1): CodeIgniter\View\View->include('dashboard/header')
 6 SYSTEMPATH\View\View.php(234): include('C:\\xampp\\htdocs\\introcrm\\app\\Views\\layout\\layout.php')
 7 SYSTEMPATH\View\View.php(237): CodeIgniter\View\View->CodeIgniter\View\{closure}()
 8 SYSTEMPATH\View\View.php(250): CodeIgniter\View\View->render('layout/layout', [], true)
 9 SYSTEMPATH\Common.php(1171): CodeIgniter\View\View->render('customers/view_customers', [], true)
10 APPPATH\Controllers\CustomerView.php(66): view('customers/view_customers', [...])
11 SYSTEMPATH\CodeIgniter.php(933): App\Controllers\CustomerView->index()
12 SYSTEMPATH\CodeIgniter.php(509): CodeIgniter\CodeIgniter->runController(Object(App\Controllers\CustomerView))
13 SYSTEMPATH\CodeIgniter.php(355): CodeIgniter\CodeIgniter->handleRequest(null, Object(Config\Cache), false)
14 SYSTEMPATH\Boot.php(312): CodeIgniter\CodeIgniter->run()
15 SYSTEMPATH\Boot.php(67): CodeIgniter\Boot::runCodeIgniter(Object(CodeIgniter\CodeIgniter))
16 FCPATH\index.php(56): CodeIgniter\Boot::bootWeb(Object(Config\Paths))
