CRITICAL - 2024-04-25 04:57:13 --> ErrorException: Undefined array key "username"
[Method: GET, Route: agent/view]
in APPPATH\Views\agent\view_agent.php on line 127.
 1 APPPATH\Views\agent\view_agent.php(127): CodeIgniter\Debug\Exceptions->errorHandler(2, 'Undefined array key "username"', 'C:\\xampp\\htdocs\\introcrm\\app\\Views\\agent\\view_agent.php', 127)
 2 SYSTEMPATH\View\View.php(234): include('C:\\xampp\\htdocs\\introcrm\\app\\Views\\agent\\view_agent.php')
 3 SYSTEMPATH\View\View.php(237): CodeIgniter\View\View->CodeIgniter\View\{closure}()
 4 SYSTEMPATH\Common.php(1171): CodeIgniter\View\View->render('agent/view_agent', [], true)
 5 APPPATH\Controllers\Agent.php(81): view('agent/view_agent', [...])
 6 SYSTEMPATH\CodeIgniter.php(933): App\Controllers\Agent->View()
 7 SYSTEMPATH\CodeIgniter.php(509): CodeIgniter\CodeIgniter->runController(Object(App\Controllers\Agent))
 8 SYSTEMPATH\CodeIgniter.php(355): CodeIgniter\CodeIgniter->handleRequest(null, Object(Config\Cache), false)
 9 SYSTEMPATH\Boot.php(312): CodeIgniter\CodeIgniter->run()
10 SYSTEMPATH\Boot.php(67): CodeIgniter\Boot::runCodeIgniter(Object(CodeIgniter\CodeIgniter))
11 FCPATH\index.php(56): CodeIgniter\Boot::bootWeb(Object(Config\Paths))
CRITICAL - 2024-04-25 09:35:22 --> TypeError: date(): Argument #2 ($timestamp) must be of type ?int, string given
[Method: GET, Route: customer/view]
in APPPATH\Views\customers\view_customers.php on line 217.
 1 APPPATH\Views\customers\view_customers.php(217): date('d-m-Y', '2024-04-16 11:28:00')
 2 SYSTEMPATH\View\View.php(234): include('C:\\xampp\\htdocs\\introcrm\\app\\Views\\customers\\view_customers.php')
 3 SYSTEMPATH\View\View.php(237): CodeIgniter\View\View->CodeIgniter\View\{closure}()
 4 SYSTEMPATH\Common.php(1171): CodeIgniter\View\View->render('customers/view_customers', [], true)
 5 APPPATH\Controllers\CustomerView.php(74): view('customers/view_customers', [...])
 6 SYSTEMPATH\CodeIgniter.php(933): App\Controllers\CustomerView->index()
 7 SYSTEMPATH\CodeIgniter.php(509): CodeIgniter\CodeIgniter->runController(Object(App\Controllers\CustomerView))
 8 SYSTEMPATH\CodeIgniter.php(355): CodeIgniter\CodeIgniter->handleRequest(null, Object(Config\Cache), false)
 9 SYSTEMPATH\Boot.php(312): CodeIgniter\CodeIgniter->run()
10 SYSTEMPATH\Boot.php(67): CodeIgniter\Boot::runCodeIgniter(Object(CodeIgniter\CodeIgniter))
11 FCPATH\index.php(56): CodeIgniter\Boot::bootWeb(Object(Config\Paths))
CRITICAL - 2024-04-25 09:35:59 --> TypeError: date(): Argument #2 ($timestamp) must be of type ?int, string given
[Method: GET, Route: customer/view]
in APPPATH\Views\customers\view_customers.php on line 218.
 1 APPPATH\Views\customers\view_customers.php(218): date('d-m-Y', '2024-04-16 11:28:00')
 2 SYSTEMPATH\View\View.php(234): include('C:\\xampp\\htdocs\\introcrm\\app\\Views\\customers\\view_customers.php')
 3 SYSTEMPATH\View\View.php(237): CodeIgniter\View\View->CodeIgniter\View\{closure}()
 4 SYSTEMPATH\Common.php(1171): CodeIgniter\View\View->render('customers/view_customers', [], true)
 5 APPPATH\Controllers\CustomerView.php(74): view('customers/view_customers', [...])
 6 SYSTEMPATH\CodeIgniter.php(933): App\Controllers\CustomerView->index()
 7 SYSTEMPATH\CodeIgniter.php(509): CodeIgniter\CodeIgniter->runController(Object(App\Controllers\CustomerView))
 8 SYSTEMPATH\CodeIgniter.php(355): CodeIgniter\CodeIgniter->handleRequest(null, Object(Config\Cache), false)
 9 SYSTEMPATH\Boot.php(312): CodeIgniter\CodeIgniter->run()
10 SYSTEMPATH\Boot.php(67): CodeIgniter\Boot::runCodeIgniter(Object(CodeIgniter\CodeIgniter))
11 FCPATH\index.php(56): CodeIgniter\Boot::bootWeb(Object(Config\Paths))
CRITICAL - 2024-04-25 09:36:02 --> TypeError: date(): Argument #2 ($timestamp) must be of type ?int, string given
[Method: GET, Route: customer/view]
in APPPATH\Views\customers\view_customers.php on line 218.
 1 APPPATH\Views\customers\view_customers.php(218): date('d-m-Y', '2024-04-16 11:28:00')
 2 SYSTEMPATH\View\View.php(234): include('C:\\xampp\\htdocs\\introcrm\\app\\Views\\customers\\view_customers.php')
 3 SYSTEMPATH\View\View.php(237): CodeIgniter\View\View->CodeIgniter\View\{closure}()
 4 SYSTEMPATH\Common.php(1171): CodeIgniter\View\View->render('customers/view_customers', [], true)
 5 APPPATH\Controllers\CustomerView.php(74): view('customers/view_customers', [...])
 6 SYSTEMPATH\CodeIgniter.php(933): App\Controllers\CustomerView->index()
 7 SYSTEMPATH\CodeIgniter.php(509): CodeIgniter\CodeIgniter->runController(Object(App\Controllers\CustomerView))
 8 SYSTEMPATH\CodeIgniter.php(355): CodeIgniter\CodeIgniter->handleRequest(null, Object(Config\Cache), false)
 9 SYSTEMPATH\Boot.php(312): CodeIgniter\CodeIgniter->run()
10 SYSTEMPATH\Boot.php(67): CodeIgniter\Boot::runCodeIgniter(Object(CodeIgniter\CodeIgniter))
11 FCPATH\index.php(56): CodeIgniter\Boot::bootWeb(Object(Config\Paths))
CRITICAL - 2024-04-25 09:36:03 --> TypeError: date(): Argument #2 ($timestamp) must be of type ?int, string given
[Method: GET, Route: customer/view]
in APPPATH\Views\customers\view_customers.php on line 218.
 1 APPPATH\Views\customers\view_customers.php(218): date('d-m-Y', '2024-04-16 11:28:00')
 2 SYSTEMPATH\View\View.php(234): include('C:\\xampp\\htdocs\\introcrm\\app\\Views\\customers\\view_customers.php')
 3 SYSTEMPATH\View\View.php(237): CodeIgniter\View\View->CodeIgniter\View\{closure}()
 4 SYSTEMPATH\Common.php(1171): CodeIgniter\View\View->render('customers/view_customers', [], true)
 5 APPPATH\Controllers\CustomerView.php(74): view('customers/view_customers', [...])
 6 SYSTEMPATH\CodeIgniter.php(933): App\Controllers\CustomerView->index()
 7 SYSTEMPATH\CodeIgniter.php(509): CodeIgniter\CodeIgniter->runController(Object(App\Controllers\CustomerView))
 8 SYSTEMPATH\CodeIgniter.php(355): CodeIgniter\CodeIgniter->handleRequest(null, Object(Config\Cache), false)
 9 SYSTEMPATH\Boot.php(312): CodeIgniter\CodeIgniter->run()
10 SYSTEMPATH\Boot.php(67): CodeIgniter\Boot::runCodeIgniter(Object(CodeIgniter\CodeIgniter))
11 FCPATH\index.php(56): CodeIgniter\Boot::bootWeb(Object(Config\Paths))
ERROR - 2024-04-25 11:27:53 --> mysqli_sql_exception: Column 'center_name' cannot be null in C:\xampp\htdocs\introcrm\system\Database\MySQLi\Connection.php:308
Stack trace:
#0 C:\xampp\htdocs\introcrm\system\Database\MySQLi\Connection.php(308): mysqli->query('INSERT INTO `cu...', 0)
#1 C:\xampp\htdocs\introcrm\system\Database\BaseConnection.php(721): CodeIgniter\Database\MySQLi\Connection->execute('INSERT INTO `cu...')
#2 C:\xampp\htdocs\introcrm\system\Database\BaseConnection.php(635): CodeIgniter\Database\BaseConnection->simpleQuery('INSERT INTO `cu...')
#3 C:\xampp\htdocs\introcrm\system\Database\BaseBuilder.php(2325): CodeIgniter\Database\BaseConnection->query('INSERT INTO `cu...', Array, false)
#4 C:\xampp\htdocs\introcrm\system\Model.php(382): CodeIgniter\Database\BaseBuilder->insert()
#5 C:\xampp\htdocs\introcrm\system\BaseModel.php(840): CodeIgniter\Model->doInsert(Array)
#6 C:\xampp\htdocs\introcrm\system\Model.php(790): CodeIgniter\BaseModel->insert(Array, false)
#7 C:\xampp\htdocs\introcrm\system\BaseModel.php(751): CodeIgniter\Model->insert(Array, false)
#8 C:\xampp\htdocs\introcrm\app\Controllers\Customers.php(102): CodeIgniter\BaseModel->save(Array)
#9 C:\xampp\htdocs\introcrm\system\CodeIgniter.php(933): App\Controllers\Customers->store()
#10 C:\xampp\htdocs\introcrm\system\CodeIgniter.php(509): CodeIgniter\CodeIgniter->runController(Object(App\Controllers\Customers))
#11 C:\xampp\htdocs\introcrm\system\CodeIgniter.php(355): CodeIgniter\CodeIgniter->handleRequest(NULL, Object(Config\Cache), false)
#12 C:\xampp\htdocs\introcrm\system\Boot.php(312): CodeIgniter\CodeIgniter->run()
#13 C:\xampp\htdocs\introcrm\system\Boot.php(67): CodeIgniter\Boot::runCodeIgniter(Object(CodeIgniter\CodeIgniter))
#14 C:\xampp\htdocs\introcrm\index.php(56): CodeIgniter\Boot::bootWeb(Object(Config\Paths))
#15 {main}
CRITICAL - 2024-04-25 11:27:53 --> CodeIgniter\Database\Exceptions\DatabaseException: Column 'center_name' cannot be null
[Method: POST, Route: customer/add]
in SYSTEMPATH\Database\BaseConnection.php on line 675.
 1 SYSTEMPATH\Database\BaseBuilder.php(2325): CodeIgniter\Database\BaseConnection->query('INSERT INTO `customers` (`upload_image`, `lead_date`, `center_name`, `email`, `fname`, `lname`, `dob`, `mobile`, `telephone`, `address_1`, `address_2`, `post_code`, `tenure`, `council`, `boiler_age`, `boiler_make`, `boiler_model`, `benefit_flex`, `epc_rating`, `additional_notes`, `created_agent_date`, `status`, `agent_name`, `userid`) VALUES (:upload_image:, :lead_date:, :center_name:, :email:, :fname:, :lname:, :dob:, :mobile:, :telephone:, :address_1:, :address_2:, :post_code:, :tenure:, :council:, :boiler_age:, :boiler_make:, :boiler_model:, :benefit_flex:, :epc_rating:, :additional_notes:, :created_agent_date:, :status:, :agent_name:, :userid:)', [...], false)
 2 SYSTEMPATH\Model.php(382): CodeIgniter\Database\BaseBuilder->insert()
 3 SYSTEMPATH\BaseModel.php(840): CodeIgniter\Model->doInsert([...])
 4 SYSTEMPATH\Model.php(790): CodeIgniter\BaseModel->insert([...], false)
 5 SYSTEMPATH\BaseModel.php(751): CodeIgniter\Model->insert([...], false)
 6 APPPATH\Controllers\Customers.php(102): CodeIgniter\BaseModel->save([...])
 7 SYSTEMPATH\CodeIgniter.php(933): App\Controllers\Customers->store()
 8 SYSTEMPATH\CodeIgniter.php(509): CodeIgniter\CodeIgniter->runController(Object(App\Controllers\Customers))
 9 SYSTEMPATH\CodeIgniter.php(355): CodeIgniter\CodeIgniter->handleRequest(null, Object(Config\Cache), false)
10 SYSTEMPATH\Boot.php(312): CodeIgniter\CodeIgniter->run()
11 SYSTEMPATH\Boot.php(67): CodeIgniter\Boot::runCodeIgniter(Object(CodeIgniter\CodeIgniter))
12 FCPATH\index.php(56): CodeIgniter\Boot::bootWeb(Object(Config\Paths))
CRITICAL - 2024-04-25 11:27:53 --> [Caused by] CodeIgniter\Database\Exceptions\DatabaseException: Column 'center_name' cannot be null
in SYSTEMPATH\Database\MySQLi\Connection.php on line 313.
 1 SYSTEMPATH\Database\BaseConnection.php(721): CodeIgniter\Database\MySQLi\Connection->execute('INSERT INTO `customers` (`upload_image`, `lead_date`, `center_name`, `email`, `fname`, `lname`, `dob`, `mobile`, `telephone`, `address_1`, `address_2`, `post_code`, `tenure`, `council`, `boiler_age`, `boiler_make`, `boiler_model`, `benefit_flex`, `epc_rating`, `additional_notes`, `created_agent_date`, `status`, `agent_name`, `userid`) VALUES (\'mario-raj-ysmeQt1dzcw-unsplash.jpg\', \'2024-04-25 11:27:53\', NULL, \'shriram@gmail.com\', \'krushna shriram phad\', NULL, \'0008-07-06\', \'6745764567655267\', \'8\', \'6786\', \'786\', \'866\', \'86\', \'8\', \'68\', \'6\', \'8768\', \'Universal credit\', \'A\', \'868\', NULL, \'New Lead\', \' \', NULL)')
 2 SYSTEMPATH\Database\BaseConnection.php(635): CodeIgniter\Database\BaseConnection->simpleQuery('INSERT INTO `customers` (`upload_image`, `lead_date`, `center_name`, `email`, `fname`, `lname`, `dob`, `mobile`, `telephone`, `address_1`, `address_2`, `post_code`, `tenure`, `council`, `boiler_age`, `boiler_make`, `boiler_model`, `benefit_flex`, `epc_rating`, `additional_notes`, `created_agent_date`, `status`, `agent_name`, `userid`) VALUES (\'mario-raj-ysmeQt1dzcw-unsplash.jpg\', \'2024-04-25 11:27:53\', NULL, \'shriram@gmail.com\', \'krushna shriram phad\', NULL, \'0008-07-06\', \'6745764567655267\', \'8\', \'6786\', \'786\', \'866\', \'86\', \'8\', \'68\', \'6\', \'8768\', \'Universal credit\', \'A\', \'868\', NULL, \'New Lead\', \' \', NULL)')
 3 SYSTEMPATH\Database\BaseBuilder.php(2325): CodeIgniter\Database\BaseConnection->query('INSERT INTO `customers` (`upload_image`, `lead_date`, `center_name`, `email`, `fname`, `lname`, `dob`, `mobile`, `telephone`, `address_1`, `address_2`, `post_code`, `tenure`, `council`, `boiler_age`, `boiler_make`, `boiler_model`, `benefit_flex`, `epc_rating`, `additional_notes`, `created_agent_date`, `status`, `agent_name`, `userid`) VALUES (:upload_image:, :lead_date:, :center_name:, :email:, :fname:, :lname:, :dob:, :mobile:, :telephone:, :address_1:, :address_2:, :post_code:, :tenure:, :council:, :boiler_age:, :boiler_make:, :boiler_model:, :benefit_flex:, :epc_rating:, :additional_notes:, :created_agent_date:, :status:, :agent_name:, :userid:)', [...], false)
 4 SYSTEMPATH\Model.php(382): CodeIgniter\Database\BaseBuilder->insert()
 5 SYSTEMPATH\BaseModel.php(840): CodeIgniter\Model->doInsert([...])
 6 SYSTEMPATH\Model.php(790): CodeIgniter\BaseModel->insert([...], false)
 7 SYSTEMPATH\BaseModel.php(751): CodeIgniter\Model->insert([...], false)
 8 APPPATH\Controllers\Customers.php(102): CodeIgniter\BaseModel->save([...])
 9 SYSTEMPATH\CodeIgniter.php(933): App\Controllers\Customers->store()
10 SYSTEMPATH\CodeIgniter.php(509): CodeIgniter\CodeIgniter->runController(Object(App\Controllers\Customers))
11 SYSTEMPATH\CodeIgniter.php(355): CodeIgniter\CodeIgniter->handleRequest(null, Object(Config\Cache), false)
12 SYSTEMPATH\Boot.php(312): CodeIgniter\CodeIgniter->run()
13 SYSTEMPATH\Boot.php(67): CodeIgniter\Boot::runCodeIgniter(Object(CodeIgniter\CodeIgniter))
14 FCPATH\index.php(56): CodeIgniter\Boot::bootWeb(Object(Config\Paths))
CRITICAL - 2024-04-25 11:27:53 --> [Caused by] mysqli_sql_exception: Column 'center_name' cannot be null
in SYSTEMPATH\Database\MySQLi\Connection.php on line 308.
 1 SYSTEMPATH\Database\MySQLi\Connection.php(308): mysqli->query('INSERT INTO `customers` (`upload_image`, `lead_date`, `center_name`, `email`, `fname`, `lname`, `dob`, `mobile`, `telephone`, `address_1`, `address_2`, `post_code`, `tenure`, `council`, `boiler_age`, `boiler_make`, `boiler_model`, `benefit_flex`, `epc_rating`, `additional_notes`, `created_agent_date`, `status`, `agent_name`, `userid`) VALUES (\'mario-raj-ysmeQt1dzcw-unsplash.jpg\', \'2024-04-25 11:27:53\', NULL, \'shriram@gmail.com\', \'krushna shriram phad\', NULL, \'0008-07-06\', \'6745764567655267\', \'8\', \'6786\', \'786\', \'866\', \'86\', \'8\', \'68\', \'6\', \'8768\', \'Universal credit\', \'A\', \'868\', NULL, \'New Lead\', \' \', NULL)', 0)
 2 SYSTEMPATH\Database\BaseConnection.php(721): CodeIgniter\Database\MySQLi\Connection->execute('INSERT INTO `customers` (`upload_image`, `lead_date`, `center_name`, `email`, `fname`, `lname`, `dob`, `mobile`, `telephone`, `address_1`, `address_2`, `post_code`, `tenure`, `council`, `boiler_age`, `boiler_make`, `boiler_model`, `benefit_flex`, `epc_rating`, `additional_notes`, `created_agent_date`, `status`, `agent_name`, `userid`) VALUES (\'mario-raj-ysmeQt1dzcw-unsplash.jpg\', \'2024-04-25 11:27:53\', NULL, \'shriram@gmail.com\', \'krushna shriram phad\', NULL, \'0008-07-06\', \'6745764567655267\', \'8\', \'6786\', \'786\', \'866\', \'86\', \'8\', \'68\', \'6\', \'8768\', \'Universal credit\', \'A\', \'868\', NULL, \'New Lead\', \' \', NULL)')
 3 SYSTEMPATH\Database\BaseConnection.php(635): CodeIgniter\Database\BaseConnection->simpleQuery('INSERT INTO `customers` (`upload_image`, `lead_date`, `center_name`, `email`, `fname`, `lname`, `dob`, `mobile`, `telephone`, `address_1`, `address_2`, `post_code`, `tenure`, `council`, `boiler_age`, `boiler_make`, `boiler_model`, `benefit_flex`, `epc_rating`, `additional_notes`, `created_agent_date`, `status`, `agent_name`, `userid`) VALUES (\'mario-raj-ysmeQt1dzcw-unsplash.jpg\', \'2024-04-25 11:27:53\', NULL, \'shriram@gmail.com\', \'krushna shriram phad\', NULL, \'0008-07-06\', \'6745764567655267\', \'8\', \'6786\', \'786\', \'866\', \'86\', \'8\', \'68\', \'6\', \'8768\', \'Universal credit\', \'A\', \'868\', NULL, \'New Lead\', \' \', NULL)')
 4 SYSTEMPATH\Database\BaseBuilder.php(2325): CodeIgniter\Database\BaseConnection->query('INSERT INTO `customers` (`upload_image`, `lead_date`, `center_name`, `email`, `fname`, `lname`, `dob`, `mobile`, `telephone`, `address_1`, `address_2`, `post_code`, `tenure`, `council`, `boiler_age`, `boiler_make`, `boiler_model`, `benefit_flex`, `epc_rating`, `additional_notes`, `created_agent_date`, `status`, `agent_name`, `userid`) VALUES (:upload_image:, :lead_date:, :center_name:, :email:, :fname:, :lname:, :dob:, :mobile:, :telephone:, :address_1:, :address_2:, :post_code:, :tenure:, :council:, :boiler_age:, :boiler_make:, :boiler_model:, :benefit_flex:, :epc_rating:, :additional_notes:, :created_agent_date:, :status:, :agent_name:, :userid:)', [...], false)
 5 SYSTEMPATH\Model.php(382): CodeIgniter\Database\BaseBuilder->insert()
 6 SYSTEMPATH\BaseModel.php(840): CodeIgniter\Model->doInsert([...])
 7 SYSTEMPATH\Model.php(790): CodeIgniter\BaseModel->insert([...], false)
 8 SYSTEMPATH\BaseModel.php(751): CodeIgniter\Model->insert([...], false)
 9 APPPATH\Controllers\Customers.php(102): CodeIgniter\BaseModel->save([...])
10 SYSTEMPATH\CodeIgniter.php(933): App\Controllers\Customers->store()
11 SYSTEMPATH\CodeIgniter.php(509): CodeIgniter\CodeIgniter->runController(Object(App\Controllers\Customers))
12 SYSTEMPATH\CodeIgniter.php(355): CodeIgniter\CodeIgniter->handleRequest(null, Object(Config\Cache), false)
13 SYSTEMPATH\Boot.php(312): CodeIgniter\CodeIgniter->run()
14 SYSTEMPATH\Boot.php(67): CodeIgniter\Boot::runCodeIgniter(Object(CodeIgniter\CodeIgniter))
15 FCPATH\index.php(56): CodeIgniter\Boot::bootWeb(Object(Config\Paths))
ERROR - 2024-04-25 11:29:24 --> mysqli_sql_exception: Column 'lname' cannot be null in C:\xampp\htdocs\introcrm\system\Database\MySQLi\Connection.php:308
Stack trace:
#0 C:\xampp\htdocs\introcrm\system\Database\MySQLi\Connection.php(308): mysqli->query('INSERT INTO `cu...', 0)
#1 C:\xampp\htdocs\introcrm\system\Database\BaseConnection.php(721): CodeIgniter\Database\MySQLi\Connection->execute('INSERT INTO `cu...')
#2 C:\xampp\htdocs\introcrm\system\Database\BaseConnection.php(635): CodeIgniter\Database\BaseConnection->simpleQuery('INSERT INTO `cu...')
#3 C:\xampp\htdocs\introcrm\system\Database\BaseBuilder.php(2325): CodeIgniter\Database\BaseConnection->query('INSERT INTO `cu...', Array, false)
#4 C:\xampp\htdocs\introcrm\system\Model.php(382): CodeIgniter\Database\BaseBuilder->insert()
#5 C:\xampp\htdocs\introcrm\system\BaseModel.php(840): CodeIgniter\Model->doInsert(Array)
#6 C:\xampp\htdocs\introcrm\system\Model.php(790): CodeIgniter\BaseModel->insert(Array, false)
#7 C:\xampp\htdocs\introcrm\system\BaseModel.php(751): CodeIgniter\Model->insert(Array, false)
#8 C:\xampp\htdocs\introcrm\app\Controllers\Customers.php(102): CodeIgniter\BaseModel->save(Array)
#9 C:\xampp\htdocs\introcrm\system\CodeIgniter.php(933): App\Controllers\Customers->store()
#10 C:\xampp\htdocs\introcrm\system\CodeIgniter.php(509): CodeIgniter\CodeIgniter->runController(Object(App\Controllers\Customers))
#11 C:\xampp\htdocs\introcrm\system\CodeIgniter.php(355): CodeIgniter\CodeIgniter->handleRequest(NULL, Object(Config\Cache), false)
#12 C:\xampp\htdocs\introcrm\system\Boot.php(312): CodeIgniter\CodeIgniter->run()
#13 C:\xampp\htdocs\introcrm\system\Boot.php(67): CodeIgniter\Boot::runCodeIgniter(Object(CodeIgniter\CodeIgniter))
#14 C:\xampp\htdocs\introcrm\index.php(56): CodeIgniter\Boot::bootWeb(Object(Config\Paths))
#15 {main}
CRITICAL - 2024-04-25 11:29:24 --> CodeIgniter\Database\Exceptions\DatabaseException: Column 'lname' cannot be null
[Method: POST, Route: customer/add]
in SYSTEMPATH\Database\BaseConnection.php on line 675.
 1 SYSTEMPATH\Database\BaseBuilder.php(2325): CodeIgniter\Database\BaseConnection->query('INSERT INTO `customers` (`upload_image`, `lead_date`, `center_name`, `email`, `fname`, `lname`, `dob`, `mobile`, `telephone`, `address_1`, `address_2`, `post_code`, `tenure`, `council`, `boiler_age`, `boiler_make`, `boiler_model`, `benefit_flex`, `epc_rating`, `additional_notes`, `created_agent_date`, `status`, `agent_name`, `userid`) VALUES (:upload_image:, :lead_date:, :center_name:, :email:, :fname:, :lname:, :dob:, :mobile:, :telephone:, :address_1:, :address_2:, :post_code:, :tenure:, :council:, :boiler_age:, :boiler_make:, :boiler_model:, :benefit_flex:, :epc_rating:, :additional_notes:, :created_agent_date:, :status:, :agent_name:, :userid:)', [...], false)
 2 SYSTEMPATH\Model.php(382): CodeIgniter\Database\BaseBuilder->insert()
 3 SYSTEMPATH\BaseModel.php(840): CodeIgniter\Model->doInsert([...])
 4 SYSTEMPATH\Model.php(790): CodeIgniter\BaseModel->insert([...], false)
 5 SYSTEMPATH\BaseModel.php(751): CodeIgniter\Model->insert([...], false)
 6 APPPATH\Controllers\Customers.php(102): CodeIgniter\BaseModel->save([...])
 7 SYSTEMPATH\CodeIgniter.php(933): App\Controllers\Customers->store()
 8 SYSTEMPATH\CodeIgniter.php(509): CodeIgniter\CodeIgniter->runController(Object(App\Controllers\Customers))
 9 SYSTEMPATH\CodeIgniter.php(355): CodeIgniter\CodeIgniter->handleRequest(null, Object(Config\Cache), false)
10 SYSTEMPATH\Boot.php(312): CodeIgniter\CodeIgniter->run()
11 SYSTEMPATH\Boot.php(67): CodeIgniter\Boot::runCodeIgniter(Object(CodeIgniter\CodeIgniter))
12 FCPATH\index.php(56): CodeIgniter\Boot::bootWeb(Object(Config\Paths))
CRITICAL - 2024-04-25 11:29:24 --> [Caused by] CodeIgniter\Database\Exceptions\DatabaseException: Column 'lname' cannot be null
in SYSTEMPATH\Database\MySQLi\Connection.php on line 313.
 1 SYSTEMPATH\Database\BaseConnection.php(721): CodeIgniter\Database\MySQLi\Connection->execute('INSERT INTO `customers` (`upload_image`, `lead_date`, `center_name`, `email`, `fname`, `lname`, `dob`, `mobile`, `telephone`, `address_1`, `address_2`, `post_code`, `tenure`, `council`, `boiler_age`, `boiler_make`, `boiler_model`, `benefit_flex`, `epc_rating`, `additional_notes`, `created_agent_date`, `status`, `agent_name`, `userid`) VALUES (\'brooke-lark-hzlL6lWX54k-unsplash.jpg\', \'2024-04-25 11:29:24\', \'Kondhwa\', \'shriram@gmail.com\', \'krushna shriram phad\', NULL, \'0576-06-07\', \'43543454565\', \'5\', \'576\', \'576\', \'57\', \'57\', \'575\', \'75\', \'75\', \'757\', \'Universal credit\', \'A\', \'ffgctfc\', NULL, \'New Lead\', \'master admin\', \'61\')')
 2 SYSTEMPATH\Database\BaseConnection.php(635): CodeIgniter\Database\BaseConnection->simpleQuery('INSERT INTO `customers` (`upload_image`, `lead_date`, `center_name`, `email`, `fname`, `lname`, `dob`, `mobile`, `telephone`, `address_1`, `address_2`, `post_code`, `tenure`, `council`, `boiler_age`, `boiler_make`, `boiler_model`, `benefit_flex`, `epc_rating`, `additional_notes`, `created_agent_date`, `status`, `agent_name`, `userid`) VALUES (\'brooke-lark-hzlL6lWX54k-unsplash.jpg\', \'2024-04-25 11:29:24\', \'Kondhwa\', \'shriram@gmail.com\', \'krushna shriram phad\', NULL, \'0576-06-07\', \'43543454565\', \'5\', \'576\', \'576\', \'57\', \'57\', \'575\', \'75\', \'75\', \'757\', \'Universal credit\', \'A\', \'ffgctfc\', NULL, \'New Lead\', \'master admin\', \'61\')')
 3 SYSTEMPATH\Database\BaseBuilder.php(2325): CodeIgniter\Database\BaseConnection->query('INSERT INTO `customers` (`upload_image`, `lead_date`, `center_name`, `email`, `fname`, `lname`, `dob`, `mobile`, `telephone`, `address_1`, `address_2`, `post_code`, `tenure`, `council`, `boiler_age`, `boiler_make`, `boiler_model`, `benefit_flex`, `epc_rating`, `additional_notes`, `created_agent_date`, `status`, `agent_name`, `userid`) VALUES (:upload_image:, :lead_date:, :center_name:, :email:, :fname:, :lname:, :dob:, :mobile:, :telephone:, :address_1:, :address_2:, :post_code:, :tenure:, :council:, :boiler_age:, :boiler_make:, :boiler_model:, :benefit_flex:, :epc_rating:, :additional_notes:, :created_agent_date:, :status:, :agent_name:, :userid:)', [...], false)
 4 SYSTEMPATH\Model.php(382): CodeIgniter\Database\BaseBuilder->insert()
 5 SYSTEMPATH\BaseModel.php(840): CodeIgniter\Model->doInsert([...])
 6 SYSTEMPATH\Model.php(790): CodeIgniter\BaseModel->insert([...], false)
 7 SYSTEMPATH\BaseModel.php(751): CodeIgniter\Model->insert([...], false)
 8 APPPATH\Controllers\Customers.php(102): CodeIgniter\BaseModel->save([...])
 9 SYSTEMPATH\CodeIgniter.php(933): App\Controllers\Customers->store()
10 SYSTEMPATH\CodeIgniter.php(509): CodeIgniter\CodeIgniter->runController(Object(App\Controllers\Customers))
11 SYSTEMPATH\CodeIgniter.php(355): CodeIgniter\CodeIgniter->handleRequest(null, Object(Config\Cache), false)
12 SYSTEMPATH\Boot.php(312): CodeIgniter\CodeIgniter->run()
13 SYSTEMPATH\Boot.php(67): CodeIgniter\Boot::runCodeIgniter(Object(CodeIgniter\CodeIgniter))
14 FCPATH\index.php(56): CodeIgniter\Boot::bootWeb(Object(Config\Paths))
CRITICAL - 2024-04-25 11:29:24 --> [Caused by] mysqli_sql_exception: Column 'lname' cannot be null
in SYSTEMPATH\Database\MySQLi\Connection.php on line 308.
 1 SYSTEMPATH\Database\MySQLi\Connection.php(308): mysqli->query('INSERT INTO `customers` (`upload_image`, `lead_date`, `center_name`, `email`, `fname`, `lname`, `dob`, `mobile`, `telephone`, `address_1`, `address_2`, `post_code`, `tenure`, `council`, `boiler_age`, `boiler_make`, `boiler_model`, `benefit_flex`, `epc_rating`, `additional_notes`, `created_agent_date`, `status`, `agent_name`, `userid`) VALUES (\'brooke-lark-hzlL6lWX54k-unsplash.jpg\', \'2024-04-25 11:29:24\', \'Kondhwa\', \'shriram@gmail.com\', \'krushna shriram phad\', NULL, \'0576-06-07\', \'43543454565\', \'5\', \'576\', \'576\', \'57\', \'57\', \'575\', \'75\', \'75\', \'757\', \'Universal credit\', \'A\', \'ffgctfc\', NULL, \'New Lead\', \'master admin\', \'61\')', 0)
 2 SYSTEMPATH\Database\BaseConnection.php(721): CodeIgniter\Database\MySQLi\Connection->execute('INSERT INTO `customers` (`upload_image`, `lead_date`, `center_name`, `email`, `fname`, `lname`, `dob`, `mobile`, `telephone`, `address_1`, `address_2`, `post_code`, `tenure`, `council`, `boiler_age`, `boiler_make`, `boiler_model`, `benefit_flex`, `epc_rating`, `additional_notes`, `created_agent_date`, `status`, `agent_name`, `userid`) VALUES (\'brooke-lark-hzlL6lWX54k-unsplash.jpg\', \'2024-04-25 11:29:24\', \'Kondhwa\', \'shriram@gmail.com\', \'krushna shriram phad\', NULL, \'0576-06-07\', \'43543454565\', \'5\', \'576\', \'576\', \'57\', \'57\', \'575\', \'75\', \'75\', \'757\', \'Universal credit\', \'A\', \'ffgctfc\', NULL, \'New Lead\', \'master admin\', \'61\')')
 3 SYSTEMPATH\Database\BaseConnection.php(635): CodeIgniter\Database\BaseConnection->simpleQuery('INSERT INTO `customers` (`upload_image`, `lead_date`, `center_name`, `email`, `fname`, `lname`, `dob`, `mobile`, `telephone`, `address_1`, `address_2`, `post_code`, `tenure`, `council`, `boiler_age`, `boiler_make`, `boiler_model`, `benefit_flex`, `epc_rating`, `additional_notes`, `created_agent_date`, `status`, `agent_name`, `userid`) VALUES (\'brooke-lark-hzlL6lWX54k-unsplash.jpg\', \'2024-04-25 11:29:24\', \'Kondhwa\', \'shriram@gmail.com\', \'krushna shriram phad\', NULL, \'0576-06-07\', \'43543454565\', \'5\', \'576\', \'576\', \'57\', \'57\', \'575\', \'75\', \'75\', \'757\', \'Universal credit\', \'A\', \'ffgctfc\', NULL, \'New Lead\', \'master admin\', \'61\')')
 4 SYSTEMPATH\Database\BaseBuilder.php(2325): CodeIgniter\Database\BaseConnection->query('INSERT INTO `customers` (`upload_image`, `lead_date`, `center_name`, `email`, `fname`, `lname`, `dob`, `mobile`, `telephone`, `address_1`, `address_2`, `post_code`, `tenure`, `council`, `boiler_age`, `boiler_make`, `boiler_model`, `benefit_flex`, `epc_rating`, `additional_notes`, `created_agent_date`, `status`, `agent_name`, `userid`) VALUES (:upload_image:, :lead_date:, :center_name:, :email:, :fname:, :lname:, :dob:, :mobile:, :telephone:, :address_1:, :address_2:, :post_code:, :tenure:, :council:, :boiler_age:, :boiler_make:, :boiler_model:, :benefit_flex:, :epc_rating:, :additional_notes:, :created_agent_date:, :status:, :agent_name:, :userid:)', [...], false)
 5 SYSTEMPATH\Model.php(382): CodeIgniter\Database\BaseBuilder->insert()
 6 SYSTEMPATH\BaseModel.php(840): CodeIgniter\Model->doInsert([...])
 7 SYSTEMPATH\Model.php(790): CodeIgniter\BaseModel->insert([...], false)
 8 SYSTEMPATH\BaseModel.php(751): CodeIgniter\Model->insert([...], false)
 9 APPPATH\Controllers\Customers.php(102): CodeIgniter\BaseModel->save([...])
10 SYSTEMPATH\CodeIgniter.php(933): App\Controllers\Customers->store()
11 SYSTEMPATH\CodeIgniter.php(509): CodeIgniter\CodeIgniter->runController(Object(App\Controllers\Customers))
12 SYSTEMPATH\CodeIgniter.php(355): CodeIgniter\CodeIgniter->handleRequest(null, Object(Config\Cache), false)
13 SYSTEMPATH\Boot.php(312): CodeIgniter\CodeIgniter->run()
14 SYSTEMPATH\Boot.php(67): CodeIgniter\Boot::runCodeIgniter(Object(CodeIgniter\CodeIgniter))
15 FCPATH\index.php(56): CodeIgniter\Boot::bootWeb(Object(Config\Paths))
CRITICAL - 2024-04-25 11:55:02 --> ErrorException: Undefined variable $result
[Method: GET, Route: customer]
in APPPATH\Views\customers\add_customer.php on line 170.
 1 APPPATH\Views\customers\add_customer.php(170): CodeIgniter\Debug\Exceptions->errorHandler(2, 'Undefined variable $result', 'C:\\xampp\\htdocs\\introcrm\\app\\Views\\customers\\add_customer.php', 170)
 2 SYSTEMPATH\View\View.php(234): include('C:\\xampp\\htdocs\\introcrm\\app\\Views\\customers\\add_customer.php')
 3 SYSTEMPATH\View\View.php(237): CodeIgniter\View\View->CodeIgniter\View\{closure}()
 4 SYSTEMPATH\Common.php(1171): CodeIgniter\View\View->render('customers/add_customer', [], true)
 5 APPPATH\Controllers\Customers.php(44): view('customers/add_customer', [...])
 6 SYSTEMPATH\CodeIgniter.php(933): App\Controllers\Customers->customer()
 7 SYSTEMPATH\CodeIgniter.php(509): CodeIgniter\CodeIgniter->runController(Object(App\Controllers\Customers))
 8 SYSTEMPATH\CodeIgniter.php(355): CodeIgniter\CodeIgniter->handleRequest(null, Object(Config\Cache), false)
 9 SYSTEMPATH\Boot.php(312): CodeIgniter\CodeIgniter->run()
10 SYSTEMPATH\Boot.php(67): CodeIgniter\Boot::runCodeIgniter(Object(CodeIgniter\CodeIgniter))
11 FCPATH\index.php(56): CodeIgniter\Boot::bootWeb(Object(Config\Paths))
CRITICAL - 2024-04-25 11:55:22 --> ErrorException: Undefined variable $result
[Method: GET, Route: customer]
in APPPATH\Views\customers\add_customer.php on line 170.
 1 APPPATH\Views\customers\add_customer.php(170): CodeIgniter\Debug\Exceptions->errorHandler(2, 'Undefined variable $result', 'C:\\xampp\\htdocs\\introcrm\\app\\Views\\customers\\add_customer.php', 170)
 2 SYSTEMPATH\View\View.php(234): include('C:\\xampp\\htdocs\\introcrm\\app\\Views\\customers\\add_customer.php')
 3 SYSTEMPATH\View\View.php(237): CodeIgniter\View\View->CodeIgniter\View\{closure}()
 4 SYSTEMPATH\Common.php(1171): CodeIgniter\View\View->render('customers/add_customer', [], true)
 5 APPPATH\Controllers\Customers.php(44): view('customers/add_customer', [...])
 6 SYSTEMPATH\CodeIgniter.php(933): App\Controllers\Customers->customer()
 7 SYSTEMPATH\CodeIgniter.php(509): CodeIgniter\CodeIgniter->runController(Object(App\Controllers\Customers))
 8 SYSTEMPATH\CodeIgniter.php(355): CodeIgniter\CodeIgniter->handleRequest(null, Object(Config\Cache), false)
 9 SYSTEMPATH\Boot.php(312): CodeIgniter\CodeIgniter->run()
10 SYSTEMPATH\Boot.php(67): CodeIgniter\Boot::runCodeIgniter(Object(CodeIgniter\CodeIgniter))
11 FCPATH\index.php(56): CodeIgniter\Boot::bootWeb(Object(Config\Paths))
CRITICAL - 2024-04-25 11:55:31 --> ErrorException: Undefined variable $result
[Method: GET, Route: customer]
in APPPATH\Views\customers\add_customer.php on line 170.
 1 APPPATH\Views\customers\add_customer.php(170): CodeIgniter\Debug\Exceptions->errorHandler(2, 'Undefined variable $result', 'C:\\xampp\\htdocs\\introcrm\\app\\Views\\customers\\add_customer.php', 170)
 2 SYSTEMPATH\View\View.php(234): include('C:\\xampp\\htdocs\\introcrm\\app\\Views\\customers\\add_customer.php')
 3 SYSTEMPATH\View\View.php(237): CodeIgniter\View\View->CodeIgniter\View\{closure}()
 4 SYSTEMPATH\Common.php(1171): CodeIgniter\View\View->render('customers/add_customer', [], true)
 5 APPPATH\Controllers\Customers.php(44): view('customers/add_customer', [...])
 6 SYSTEMPATH\CodeIgniter.php(933): App\Controllers\Customers->customer()
 7 SYSTEMPATH\CodeIgniter.php(509): CodeIgniter\CodeIgniter->runController(Object(App\Controllers\Customers))
 8 SYSTEMPATH\CodeIgniter.php(355): CodeIgniter\CodeIgniter->handleRequest(null, Object(Config\Cache), false)
 9 SYSTEMPATH\Boot.php(312): CodeIgniter\CodeIgniter->run()
10 SYSTEMPATH\Boot.php(67): CodeIgniter\Boot::runCodeIgniter(Object(CodeIgniter\CodeIgniter))
11 FCPATH\index.php(56): CodeIgniter\Boot::bootWeb(Object(Config\Paths))
CRITICAL - 2024-04-25 12:00:00 --> ErrorException: Undefined variable $users
[Method: GET, Route: dashboard]
in APPPATH\Views\dashboard\dashboard.php on line 165.
 1 APPPATH\Views\dashboard\dashboard.php(165): CodeIgniter\Debug\Exceptions->errorHandler(2, 'Undefined variable $users', 'C:\\xampp\\htdocs\\introcrm\\app\\Views\\dashboard\\dashboard.php', 165)
 2 SYSTEMPATH\View\View.php(234): include('C:\\xampp\\htdocs\\introcrm\\app\\Views\\dashboard\\dashboard.php')
 3 SYSTEMPATH\View\View.php(237): CodeIgniter\View\View->CodeIgniter\View\{closure}()
 4 SYSTEMPATH\Common.php(1171): CodeIgniter\View\View->render('dashboard/dashboard', [], true)
 5 APPPATH\Controllers\Dashboard.php(128): view('dashboard/dashboard', [...])
 6 SYSTEMPATH\CodeIgniter.php(933): App\Controllers\Dashboard->index()
 7 SYSTEMPATH\CodeIgniter.php(509): CodeIgniter\CodeIgniter->runController(Object(App\Controllers\Dashboard))
 8 SYSTEMPATH\CodeIgniter.php(355): CodeIgniter\CodeIgniter->handleRequest(null, Object(Config\Cache), false)
 9 SYSTEMPATH\Boot.php(312): CodeIgniter\CodeIgniter->run()
10 SYSTEMPATH\Boot.php(67): CodeIgniter\Boot::runCodeIgniter(Object(CodeIgniter\CodeIgniter))
11 FCPATH\index.php(56): CodeIgniter\Boot::bootWeb(Object(Config\Paths))
ERROR - 2024-04-25 12:51:59 --> mysqli_sql_exception: Unknown column 'id' in 'order clause' in C:\xampp\htdocs\introcrm\system\Database\MySQLi\Connection.php:308
Stack trace:
#0 C:\xampp\htdocs\introcrm\system\Database\MySQLi\Connection.php(308): mysqli->query('SELECT *\nFROM `...', 0)
#1 C:\xampp\htdocs\introcrm\system\Database\BaseConnection.php(721): CodeIgniter\Database\MySQLi\Connection->execute('SELECT *\nFROM `...')
#2 C:\xampp\htdocs\introcrm\system\Database\BaseConnection.php(635): CodeIgniter\Database\BaseConnection->simpleQuery('SELECT *\nFROM `...')
#3 C:\xampp\htdocs\introcrm\system\Database\BaseBuilder.php(1629): CodeIgniter\Database\BaseConnection->query('SELECT *\nFROM `...', Array, false)
#4 C:\xampp\htdocs\introcrm\system\Model.php(274): CodeIgniter\Database\BaseBuilder->get()
#5 C:\xampp\htdocs\introcrm\system\BaseModel.php(676): CodeIgniter\Model->doFindAll(10, 0)
#6 C:\xampp\htdocs\introcrm\system\BaseModel.php(1285): CodeIgniter\BaseModel->findAll(10, 0)
#7 C:\xampp\htdocs\introcrm\app\Controllers\Dashboard.php(102): CodeIgniter\BaseModel->paginate()
#8 C:\xampp\htdocs\introcrm\system\CodeIgniter.php(933): App\Controllers\Dashboard->index()
#9 C:\xampp\htdocs\introcrm\system\CodeIgniter.php(509): CodeIgniter\CodeIgniter->runController(Object(App\Controllers\Dashboard))
#10 C:\xampp\htdocs\introcrm\system\CodeIgniter.php(355): CodeIgniter\CodeIgniter->handleRequest(NULL, Object(Config\Cache), false)
#11 C:\xampp\htdocs\introcrm\system\Boot.php(312): CodeIgniter\CodeIgniter->run()
#12 C:\xampp\htdocs\introcrm\system\Boot.php(67): CodeIgniter\Boot::runCodeIgniter(Object(CodeIgniter\CodeIgniter))
#13 C:\xampp\htdocs\introcrm\index.php(56): CodeIgniter\Boot::bootWeb(Object(Config\Paths))
#14 {main}
CRITICAL - 2024-04-25 12:51:59 --> CodeIgniter\Database\Exceptions\DatabaseException: Unknown column 'id' in 'order clause'
[Method: GET, Route: dashboard]
in SYSTEMPATH\Database\BaseConnection.php on line 675.
 1 SYSTEMPATH\Database\BaseBuilder.php(1629): CodeIgniter\Database\BaseConnection->query('SELECT *
FROM `customers`
ORDER BY `id` DESC
 LIMIT 10', [], false)
 2 SYSTEMPATH\Model.php(274): CodeIgniter\Database\BaseBuilder->get()
 3 SYSTEMPATH\BaseModel.php(676): CodeIgniter\Model->doFindAll(10, 0)
 4 SYSTEMPATH\BaseModel.php(1285): CodeIgniter\BaseModel->findAll(10, 0)
 5 APPPATH\Controllers\Dashboard.php(102): CodeIgniter\BaseModel->paginate()
 6 SYSTEMPATH\CodeIgniter.php(933): App\Controllers\Dashboard->index()
 7 SYSTEMPATH\CodeIgniter.php(509): CodeIgniter\CodeIgniter->runController(Object(App\Controllers\Dashboard))
 8 SYSTEMPATH\CodeIgniter.php(355): CodeIgniter\CodeIgniter->handleRequest(null, Object(Config\Cache), false)
 9 SYSTEMPATH\Boot.php(312): CodeIgniter\CodeIgniter->run()
10 SYSTEMPATH\Boot.php(67): CodeIgniter\Boot::runCodeIgniter(Object(CodeIgniter\CodeIgniter))
11 FCPATH\index.php(56): CodeIgniter\Boot::bootWeb(Object(Config\Paths))
CRITICAL - 2024-04-25 12:51:59 --> [Caused by] CodeIgniter\Database\Exceptions\DatabaseException: Unknown column 'id' in 'order clause'
in SYSTEMPATH\Database\MySQLi\Connection.php on line 313.
 1 SYSTEMPATH\Database\BaseConnection.php(721): CodeIgniter\Database\MySQLi\Connection->execute('SELECT *
FROM `customers`
ORDER BY `id` DESC
 LIMIT 10')
 2 SYSTEMPATH\Database\BaseConnection.php(635): CodeIgniter\Database\BaseConnection->simpleQuery('SELECT *
FROM `customers`
ORDER BY `id` DESC
 LIMIT 10')
 3 SYSTEMPATH\Database\BaseBuilder.php(1629): CodeIgniter\Database\BaseConnection->query('SELECT *
FROM `customers`
ORDER BY `id` DESC
 LIMIT 10', [], false)
 4 SYSTEMPATH\Model.php(274): CodeIgniter\Database\BaseBuilder->get()
 5 SYSTEMPATH\BaseModel.php(676): CodeIgniter\Model->doFindAll(10, 0)
 6 SYSTEMPATH\BaseModel.php(1285): CodeIgniter\BaseModel->findAll(10, 0)
 7 APPPATH\Controllers\Dashboard.php(102): CodeIgniter\BaseModel->paginate()
 8 SYSTEMPATH\CodeIgniter.php(933): App\Controllers\Dashboard->index()
 9 SYSTEMPATH\CodeIgniter.php(509): CodeIgniter\CodeIgniter->runController(Object(App\Controllers\Dashboard))
10 SYSTEMPATH\CodeIgniter.php(355): CodeIgniter\CodeIgniter->handleRequest(null, Object(Config\Cache), false)
11 SYSTEMPATH\Boot.php(312): CodeIgniter\CodeIgniter->run()
12 SYSTEMPATH\Boot.php(67): CodeIgniter\Boot::runCodeIgniter(Object(CodeIgniter\CodeIgniter))
13 FCPATH\index.php(56): CodeIgniter\Boot::bootWeb(Object(Config\Paths))
CRITICAL - 2024-04-25 12:51:59 --> [Caused by] mysqli_sql_exception: Unknown column 'id' in 'order clause'
in SYSTEMPATH\Database\MySQLi\Connection.php on line 308.
 1 SYSTEMPATH\Database\MySQLi\Connection.php(308): mysqli->query('SELECT *
FROM `customers`
ORDER BY `id` DESC
 LIMIT 10', 0)
 2 SYSTEMPATH\Database\BaseConnection.php(721): CodeIgniter\Database\MySQLi\Connection->execute('SELECT *
FROM `customers`
ORDER BY `id` DESC
 LIMIT 10')
 3 SYSTEMPATH\Database\BaseConnection.php(635): CodeIgniter\Database\BaseConnection->simpleQuery('SELECT *
FROM `customers`
ORDER BY `id` DESC
 LIMIT 10')
 4 SYSTEMPATH\Database\BaseBuilder.php(1629): CodeIgniter\Database\BaseConnection->query('SELECT *
FROM `customers`
ORDER BY `id` DESC
 LIMIT 10', [], false)
 5 SYSTEMPATH\Model.php(274): CodeIgniter\Database\BaseBuilder->get()
 6 SYSTEMPATH\BaseModel.php(676): CodeIgniter\Model->doFindAll(10, 0)
 7 SYSTEMPATH\BaseModel.php(1285): CodeIgniter\BaseModel->findAll(10, 0)
 8 APPPATH\Controllers\Dashboard.php(102): CodeIgniter\BaseModel->paginate()
 9 SYSTEMPATH\CodeIgniter.php(933): App\Controllers\Dashboard->index()
10 SYSTEMPATH\CodeIgniter.php(509): CodeIgniter\CodeIgniter->runController(Object(App\Controllers\Dashboard))
11 SYSTEMPATH\CodeIgniter.php(355): CodeIgniter\CodeIgniter->handleRequest(null, Object(Config\Cache), false)
12 SYSTEMPATH\Boot.php(312): CodeIgniter\CodeIgniter->run()
13 SYSTEMPATH\Boot.php(67): CodeIgniter\Boot::runCodeIgniter(Object(CodeIgniter\CodeIgniter))
14 FCPATH\index.php(56): CodeIgniter\Boot::bootWeb(Object(Config\Paths))
CRITICAL - 2024-04-25 12:59:04 --> ArgumentCountError: Too few arguments to function App\Controllers\Dashboard::index(), 0 passed in C:\xampp\htdocs\introcrm\system\CodeIgniter.php on line 933 and exactly 1 expected
[Method: GET, Route: dashboard]
in APPPATH\Controllers\Dashboard.php on line 81.
 1 SYSTEMPATH\CodeIgniter.php(933): App\Controllers\Dashboard->index()
 2 SYSTEMPATH\CodeIgniter.php(509): CodeIgniter\CodeIgniter->runController(Object(App\Controllers\Dashboard))
 3 SYSTEMPATH\CodeIgniter.php(355): CodeIgniter\CodeIgniter->handleRequest(null, Object(Config\Cache), false)
 4 SYSTEMPATH\Boot.php(312): CodeIgniter\CodeIgniter->run()
 5 SYSTEMPATH\Boot.php(67): CodeIgniter\Boot::runCodeIgniter(Object(CodeIgniter\CodeIgniter))
 6 FCPATH\index.php(56): CodeIgniter\Boot::bootWeb(Object(Config\Paths))
CRITICAL - 2024-04-25 13:26:51 --> ErrorException: Undefined array key "center_name"
[Method: GET, Route: dashboard]
in APPPATH\Views\dashboard\dashboard.php on line 170.
 1 APPPATH\Views\dashboard\dashboard.php(170): CodeIgniter\Debug\Exceptions->errorHandler(2, 'Undefined array key "center_name"', 'C:\\xampp\\htdocs\\introcrm\\app\\Views\\dashboard\\dashboard.php', 170)
 2 SYSTEMPATH\View\View.php(234): include('C:\\xampp\\htdocs\\introcrm\\app\\Views\\dashboard\\dashboard.php')
 3 SYSTEMPATH\View\View.php(237): CodeIgniter\View\View->CodeIgniter\View\{closure}()
 4 SYSTEMPATH\Common.php(1171): CodeIgniter\View\View->render('dashboard/dashboard', [], true)
 5 APPPATH\Controllers\Dashboard.php(145): view('dashboard/dashboard', [...])
 6 SYSTEMPATH\CodeIgniter.php(933): App\Controllers\Dashboard->index()
 7 SYSTEMPATH\CodeIgniter.php(509): CodeIgniter\CodeIgniter->runController(Object(App\Controllers\Dashboard))
 8 SYSTEMPATH\CodeIgniter.php(355): CodeIgniter\CodeIgniter->handleRequest(null, Object(Config\Cache), false)
 9 SYSTEMPATH\Boot.php(312): CodeIgniter\CodeIgniter->run()
10 SYSTEMPATH\Boot.php(67): CodeIgniter\Boot::runCodeIgniter(Object(CodeIgniter\CodeIgniter))
11 FCPATH\index.php(56): CodeIgniter\Boot::bootWeb(Object(Config\Paths))
CRITICAL - 2024-04-25 13:27:45 --> ErrorException: Undefined array key ""
[Method: GET, Route: dashboard]
in APPPATH\Views\dashboard\dashboard.php on line 170.
 1 APPPATH\Views\dashboard\dashboard.php(170): CodeIgniter\Debug\Exceptions->errorHandler(2, 'Undefined array key ""', 'C:\\xampp\\htdocs\\introcrm\\app\\Views\\dashboard\\dashboard.php', 170)
 2 SYSTEMPATH\View\View.php(234): include('C:\\xampp\\htdocs\\introcrm\\app\\Views\\dashboard\\dashboard.php')
 3 SYSTEMPATH\View\View.php(237): CodeIgniter\View\View->CodeIgniter\View\{closure}()
 4 SYSTEMPATH\Common.php(1171): CodeIgniter\View\View->render('dashboard/dashboard', [], true)
 5 APPPATH\Controllers\Dashboard.php(145): view('dashboard/dashboard', [...])
 6 SYSTEMPATH\CodeIgniter.php(933): App\Controllers\Dashboard->index()
 7 SYSTEMPATH\CodeIgniter.php(509): CodeIgniter\CodeIgniter->runController(Object(App\Controllers\Dashboard))
 8 SYSTEMPATH\CodeIgniter.php(355): CodeIgniter\CodeIgniter->handleRequest(null, Object(Config\Cache), false)
 9 SYSTEMPATH\Boot.php(312): CodeIgniter\CodeIgniter->run()
10 SYSTEMPATH\Boot.php(67): CodeIgniter\Boot::runCodeIgniter(Object(CodeIgniter\CodeIgniter))
11 FCPATH\index.php(56): CodeIgniter\Boot::bootWeb(Object(Config\Paths))
CRITICAL - 2024-04-25 13:28:41 --> ErrorException: Undefined array key "status"
[Method: GET, Route: dashboard]
in APPPATH\Views\dashboard\dashboard.php on line 170.
 1 APPPATH\Views\dashboard\dashboard.php(170): CodeIgniter\Debug\Exceptions->errorHandler(2, 'Undefined array key "status"', 'C:\\xampp\\htdocs\\introcrm\\app\\Views\\dashboard\\dashboard.php', 170)
 2 SYSTEMPATH\View\View.php(234): include('C:\\xampp\\htdocs\\introcrm\\app\\Views\\dashboard\\dashboard.php')
 3 SYSTEMPATH\View\View.php(237): CodeIgniter\View\View->CodeIgniter\View\{closure}()
 4 SYSTEMPATH\Common.php(1171): CodeIgniter\View\View->render('dashboard/dashboard', [], true)
 5 APPPATH\Controllers\Dashboard.php(145): view('dashboard/dashboard', [...])
 6 SYSTEMPATH\CodeIgniter.php(933): App\Controllers\Dashboard->index()
 7 SYSTEMPATH\CodeIgniter.php(509): CodeIgniter\CodeIgniter->runController(Object(App\Controllers\Dashboard))
 8 SYSTEMPATH\CodeIgniter.php(355): CodeIgniter\CodeIgniter->handleRequest(null, Object(Config\Cache), false)
 9 SYSTEMPATH\Boot.php(312): CodeIgniter\CodeIgniter->run()
10 SYSTEMPATH\Boot.php(67): CodeIgniter\Boot::runCodeIgniter(Object(CodeIgniter\CodeIgniter))
11 FCPATH\index.php(56): CodeIgniter\Boot::bootWeb(Object(Config\Paths))
CRITICAL - 2024-04-25 13:31:53 --> ErrorException: Undefined array key "lead_id"
[Method: GET, Route: dashboard]
in APPPATH\Views\dashboard\dashboard.php on line 170.
 1 APPPATH\Views\dashboard\dashboard.php(170): CodeIgniter\Debug\Exceptions->errorHandler(2, 'Undefined array key "lead_id"', 'C:\\xampp\\htdocs\\introcrm\\app\\Views\\dashboard\\dashboard.php', 170)
 2 SYSTEMPATH\View\View.php(234): include('C:\\xampp\\htdocs\\introcrm\\app\\Views\\dashboard\\dashboard.php')
 3 SYSTEMPATH\View\View.php(237): CodeIgniter\View\View->CodeIgniter\View\{closure}()
 4 SYSTEMPATH\Common.php(1171): CodeIgniter\View\View->render('dashboard/dashboard', [], true)
 5 APPPATH\Controllers\Dashboard.php(145): view('dashboard/dashboard', [...])
 6 SYSTEMPATH\CodeIgniter.php(933): App\Controllers\Dashboard->index()
 7 SYSTEMPATH\CodeIgniter.php(509): CodeIgniter\CodeIgniter->runController(Object(App\Controllers\Dashboard))
 8 SYSTEMPATH\CodeIgniter.php(355): CodeIgniter\CodeIgniter->handleRequest(null, Object(Config\Cache), false)
 9 SYSTEMPATH\Boot.php(312): CodeIgniter\CodeIgniter->run()
10 SYSTEMPATH\Boot.php(67): CodeIgniter\Boot::runCodeIgniter(Object(CodeIgniter\CodeIgniter))
11 FCPATH\index.php(56): CodeIgniter\Boot::bootWeb(Object(Config\Paths))
CRITICAL - 2024-04-25 13:32:51 --> ErrorException: Undefined variable $data
[Method: GET, Route: dashboard]
in APPPATH\Views\dashboard\dashboard.php on line 165.
 1 APPPATH\Views\dashboard\dashboard.php(165): CodeIgniter\Debug\Exceptions->errorHandler(2, 'Undefined variable $data', 'C:\\xampp\\htdocs\\introcrm\\app\\Views\\dashboard\\dashboard.php', 165)
 2 SYSTEMPATH\View\View.php(234): include('C:\\xampp\\htdocs\\introcrm\\app\\Views\\dashboard\\dashboard.php')
 3 SYSTEMPATH\View\View.php(237): CodeIgniter\View\View->CodeIgniter\View\{closure}()
 4 SYSTEMPATH\Common.php(1171): CodeIgniter\View\View->render('dashboard/dashboard', [], true)
 5 APPPATH\Controllers\Dashboard.php(145): view('dashboard/dashboard', [...])
 6 SYSTEMPATH\CodeIgniter.php(933): App\Controllers\Dashboard->index()
 7 SYSTEMPATH\CodeIgniter.php(509): CodeIgniter\CodeIgniter->runController(Object(App\Controllers\Dashboard))
 8 SYSTEMPATH\CodeIgniter.php(355): CodeIgniter\CodeIgniter->handleRequest(null, Object(Config\Cache), false)
 9 SYSTEMPATH\Boot.php(312): CodeIgniter\CodeIgniter->run()
10 SYSTEMPATH\Boot.php(67): CodeIgniter\Boot::runCodeIgniter(Object(CodeIgniter\CodeIgniter))
11 FCPATH\index.php(56): CodeIgniter\Boot::bootWeb(Object(Config\Paths))
CRITICAL - 2024-04-25 13:33:46 --> ErrorException: Undefined array key "lead_id"
[Method: GET, Route: dashboard]
in APPPATH\Views\dashboard\dashboard.php on line 170.
 1 APPPATH\Views\dashboard\dashboard.php(170): CodeIgniter\Debug\Exceptions->errorHandler(2, 'Undefined array key "lead_id"', 'C:\\xampp\\htdocs\\introcrm\\app\\Views\\dashboard\\dashboard.php', 170)
 2 SYSTEMPATH\View\View.php(234): include('C:\\xampp\\htdocs\\introcrm\\app\\Views\\dashboard\\dashboard.php')
 3 SYSTEMPATH\View\View.php(237): CodeIgniter\View\View->CodeIgniter\View\{closure}()
 4 SYSTEMPATH\Common.php(1171): CodeIgniter\View\View->render('dashboard/dashboard', [], true)
 5 APPPATH\Controllers\Dashboard.php(145): view('dashboard/dashboard', [...])
 6 SYSTEMPATH\CodeIgniter.php(933): App\Controllers\Dashboard->index()
 7 SYSTEMPATH\CodeIgniter.php(509): CodeIgniter\CodeIgniter->runController(Object(App\Controllers\Dashboard))
 8 SYSTEMPATH\CodeIgniter.php(355): CodeIgniter\CodeIgniter->handleRequest(null, Object(Config\Cache), false)
 9 SYSTEMPATH\Boot.php(312): CodeIgniter\CodeIgniter->run()
10 SYSTEMPATH\Boot.php(67): CodeIgniter\Boot::runCodeIgniter(Object(CodeIgniter\CodeIgniter))
11 FCPATH\index.php(56): CodeIgniter\Boot::bootWeb(Object(Config\Paths))
CRITICAL - 2024-04-25 13:43:39 --> ErrorException: Undefined array key "customers"
[Method: GET, Route: dashboard]
in APPPATH\Views\dashboard\dashboard.php on line 165.
 1 APPPATH\Views\dashboard\dashboard.php(165): CodeIgniter\Debug\Exceptions->errorHandler(2, 'Undefined array key "customers"', 'C:\\xampp\\htdocs\\introcrm\\app\\Views\\dashboard\\dashboard.php', 165)
 2 SYSTEMPATH\View\View.php(234): include('C:\\xampp\\htdocs\\introcrm\\app\\Views\\dashboard\\dashboard.php')
 3 SYSTEMPATH\View\View.php(237): CodeIgniter\View\View->CodeIgniter\View\{closure}()
 4 SYSTEMPATH\Common.php(1171): CodeIgniter\View\View->render('dashboard/dashboard', [], true)
 5 APPPATH\Controllers\Dashboard.php(143): view('dashboard/dashboard', [...])
 6 SYSTEMPATH\CodeIgniter.php(933): App\Controllers\Dashboard->index()
 7 SYSTEMPATH\CodeIgniter.php(509): CodeIgniter\CodeIgniter->runController(Object(App\Controllers\Dashboard))
 8 SYSTEMPATH\CodeIgniter.php(355): CodeIgniter\CodeIgniter->handleRequest(null, Object(Config\Cache), false)
 9 SYSTEMPATH\Boot.php(312): CodeIgniter\CodeIgniter->run()
10 SYSTEMPATH\Boot.php(67): CodeIgniter\Boot::runCodeIgniter(Object(CodeIgniter\CodeIgniter))
11 FCPATH\index.php(56): CodeIgniter\Boot::bootWeb(Object(Config\Paths))
