ERROR - 2024-04-29 06:33:17 --> Error connecting to the database: mysqli_sql_exception: Unknown database 'ballapo7_echo4' in C:\xampp\htdocs\introcrm\system\Database\MySQLi\Connection.php:186
Stack trace:
#0 C:\xampp\htdocs\introcrm\system\Database\MySQLi\Connection.php(186): mysqli->real_connect('localhost', 'ballapo7_echo4', Object(SensitiveParameterValue), 'ballapo7_echo4', 3306, '', 0)
#1 C:\xampp\htdocs\introcrm\system\Database\BaseConnection.php(420): CodeIgniter\Database\MySQLi\Connection->connect(false)
#2 C:\xampp\htdocs\introcrm\system\Database\BaseConnection.php(603): CodeIgniter\Database\BaseConnection->initialize()
#3 C:\xampp\htdocs\introcrm\system\Database\BaseBuilder.php(1713): CodeIgniter\Database\BaseConnection->query('SELECT COUNT(*)...', Array, false)
#4 C:\xampp\htdocs\introcrm\system\Model.php(666): CodeIgniter\Database\BaseBuilder->countAllResults(false)
#5 C:\xampp\htdocs\introcrm\system\BaseModel.php(1281): CodeIgniter\Model->countAllResults(false)
#6 C:\xampp\htdocs\introcrm\app\Controllers\Dashboard.php(132): CodeIgniter\BaseModel->paginate()
#7 C:\xampp\htdocs\introcrm\system\CodeIgniter.php(933): App\Controllers\Dashboard->index()
#8 C:\xampp\htdocs\introcrm\system\CodeIgniter.php(509): CodeIgniter\CodeIgniter->runController(Object(App\Controllers\Dashboard))
#9 C:\xampp\htdocs\introcrm\system\CodeIgniter.php(355): CodeIgniter\CodeIgniter->handleRequest(NULL, Object(Config\Cache), false)
#10 C:\xampp\htdocs\introcrm\system\Boot.php(312): CodeIgniter\CodeIgniter->run()
#11 C:\xampp\htdocs\introcrm\system\Boot.php(67): CodeIgniter\Boot::runCodeIgniter(Object(CodeIgniter\CodeIgniter))
#12 C:\xampp\htdocs\introcrm\index.php(56): CodeIgniter\Boot::bootWeb(Object(Config\Paths))
#13 {main}

Next CodeIgniter\Database\Exceptions\DatabaseException: Unknown database '****' in C:\xampp\htdocs\introcrm\system\Database\MySQLi\Connection.php:231
Stack trace:
#0 C:\xampp\htdocs\introcrm\system\Database\BaseConnection.php(420): CodeIgniter\Database\MySQLi\Connection->connect(false)
#1 C:\xampp\htdocs\introcrm\system\Database\BaseConnection.php(603): CodeIgniter\Database\BaseConnection->initialize()
#2 C:\xampp\htdocs\introcrm\system\Database\BaseBuilder.php(1713): CodeIgniter\Database\BaseConnection->query('SELECT COUNT(*)...', Array, false)
#3 C:\xampp\htdocs\introcrm\system\Model.php(666): CodeIgniter\Database\BaseBuilder->countAllResults(false)
#4 C:\xampp\htdocs\introcrm\system\BaseModel.php(1281): CodeIgniter\Model->countAllResults(false)
#5 C:\xampp\htdocs\introcrm\app\Controllers\Dashboard.php(132): CodeIgniter\BaseModel->paginate()
#6 C:\xampp\htdocs\introcrm\system\CodeIgniter.php(933): App\Controllers\Dashboard->index()
#7 C:\xampp\htdocs\introcrm\system\CodeIgniter.php(509): CodeIgniter\CodeIgniter->runController(Object(App\Controllers\Dashboard))
#8 C:\xampp\htdocs\introcrm\system\CodeIgniter.php(355): CodeIgniter\CodeIgniter->handleRequest(NULL, Object(Config\Cache), false)
#9 C:\xampp\htdocs\introcrm\system\Boot.php(312): CodeIgniter\CodeIgniter->run()
#10 C:\xampp\htdocs\introcrm\system\Boot.php(67): CodeIgniter\Boot::runCodeIgniter(Object(CodeIgniter\CodeIgniter))
#11 C:\xampp\htdocs\introcrm\index.php(56): CodeIgniter\Boot::bootWeb(Object(Config\Paths))
#12 {main}
CRITICAL - 2024-04-29 06:33:17 --> CodeIgniter\Database\Exceptions\DatabaseException: Unable to connect to the database.
Main connection [MySQLi]: Unknown database '****'
[Method: GET, Route: dashboard]
in SYSTEMPATH\Database\BaseConnection.php on line 456.
 1 SYSTEMPATH\Database\BaseConnection.php(603): CodeIgniter\Database\BaseConnection->initialize()
 2 SYSTEMPATH\Database\BaseBuilder.php(1713): CodeIgniter\Database\BaseConnection->query('SELECT COUNT(*) AS `numrows`
FROM `customers`
WHERE `status` = :status:
AND `calldate` = :calldate:
AND `calltime` = :calltime:', [...], false)
 3 SYSTEMPATH\Model.php(666): CodeIgniter\Database\BaseBuilder->countAllResults(false)
 4 SYSTEMPATH\BaseModel.php(1281): CodeIgniter\Model->countAllResults(false)
 5 APPPATH\Controllers\Dashboard.php(132): CodeIgniter\BaseModel->paginate()
 6 SYSTEMPATH\CodeIgniter.php(933): App\Controllers\Dashboard->index()
 7 SYSTEMPATH\CodeIgniter.php(509): CodeIgniter\CodeIgniter->runController(Object(App\Controllers\Dashboard))
 8 SYSTEMPATH\CodeIgniter.php(355): CodeIgniter\CodeIgniter->handleRequest(null, Object(Config\Cache), false)
 9 SYSTEMPATH\Boot.php(312): CodeIgniter\CodeIgniter->run()
10 SYSTEMPATH\Boot.php(67): CodeIgniter\Boot::runCodeIgniter(Object(CodeIgniter\CodeIgniter))
11 FCPATH\index.php(56): CodeIgniter\Boot::bootWeb(Object(Config\Paths))
ERROR - 2024-04-29 08:42:10 --> Error connecting to the database: mysqli_sql_exception: Unknown database 'ballapo7_echo4' in C:\xampp\htdocs\introcrm\system\Database\MySQLi\Connection.php:186
Stack trace:
#0 C:\xampp\htdocs\introcrm\system\Database\MySQLi\Connection.php(186): mysqli->real_connect('localhost', 'ballapo7_echo4', Object(SensitiveParameterValue), 'ballapo7_echo4', 3306, '', 0)
#1 C:\xampp\htdocs\introcrm\system\Database\BaseConnection.php(420): CodeIgniter\Database\MySQLi\Connection->connect(false)
#2 C:\xampp\htdocs\introcrm\system\Database\BaseConnection.php(603): CodeIgniter\Database\BaseConnection->initialize()
#3 C:\xampp\htdocs\introcrm\system\Database\BaseBuilder.php(1629): CodeIgniter\Database\BaseConnection->query('SELECT *\nFROM `...', Array, false)
#4 C:\xampp\htdocs\introcrm\system\Model.php(318): CodeIgniter\Database\BaseBuilder->get()
#5 C:\xampp\htdocs\introcrm\system\BaseModel.php(714): CodeIgniter\Model->doFirst()
#6 C:\xampp\htdocs\introcrm\app\Controllers\Home.php(51): CodeIgniter\BaseModel->first()
#7 C:\xampp\htdocs\introcrm\system\CodeIgniter.php(933): App\Controllers\Home->loginAuth()
#8 C:\xampp\htdocs\introcrm\system\CodeIgniter.php(509): CodeIgniter\CodeIgniter->runController(Object(App\Controllers\Home))
#9 C:\xampp\htdocs\introcrm\system\CodeIgniter.php(355): CodeIgniter\CodeIgniter->handleRequest(NULL, Object(Config\Cache), false)
#10 C:\xampp\htdocs\introcrm\system\Boot.php(312): CodeIgniter\CodeIgniter->run()
#11 C:\xampp\htdocs\introcrm\system\Boot.php(67): CodeIgniter\Boot::runCodeIgniter(Object(CodeIgniter\CodeIgniter))
#12 C:\xampp\htdocs\introcrm\index.php(56): CodeIgniter\Boot::bootWeb(Object(Config\Paths))
#13 {main}

Next CodeIgniter\Database\Exceptions\DatabaseException: Unknown database '****' in C:\xampp\htdocs\introcrm\system\Database\MySQLi\Connection.php:231
Stack trace:
#0 C:\xampp\htdocs\introcrm\system\Database\BaseConnection.php(420): CodeIgniter\Database\MySQLi\Connection->connect(false)
#1 C:\xampp\htdocs\introcrm\system\Database\BaseConnection.php(603): CodeIgniter\Database\BaseConnection->initialize()
#2 C:\xampp\htdocs\introcrm\system\Database\BaseBuilder.php(1629): CodeIgniter\Database\BaseConnection->query('SELECT *\nFROM `...', Array, false)
#3 C:\xampp\htdocs\introcrm\system\Model.php(318): CodeIgniter\Database\BaseBuilder->get()
#4 C:\xampp\htdocs\introcrm\system\BaseModel.php(714): CodeIgniter\Model->doFirst()
#5 C:\xampp\htdocs\introcrm\app\Controllers\Home.php(51): CodeIgniter\BaseModel->first()
#6 C:\xampp\htdocs\introcrm\system\CodeIgniter.php(933): App\Controllers\Home->loginAuth()
#7 C:\xampp\htdocs\introcrm\system\CodeIgniter.php(509): CodeIgniter\CodeIgniter->runController(Object(App\Controllers\Home))
#8 C:\xampp\htdocs\introcrm\system\CodeIgniter.php(355): CodeIgniter\CodeIgniter->handleRequest(NULL, Object(Config\Cache), false)
#9 C:\xampp\htdocs\introcrm\system\Boot.php(312): CodeIgniter\CodeIgniter->run()
#10 C:\xampp\htdocs\introcrm\system\Boot.php(67): CodeIgniter\Boot::runCodeIgniter(Object(CodeIgniter\CodeIgniter))
#11 C:\xampp\htdocs\introcrm\index.php(56): CodeIgniter\Boot::bootWeb(Object(Config\Paths))
#12 {main}
CRITICAL - 2024-04-29 08:42:10 --> CodeIgniter\Database\Exceptions\DatabaseException: Unable to connect to the database.
Main connection [MySQLi]: Unknown database '****'
[Method: POST, Route: login/check]
in SYSTEMPATH\Database\BaseConnection.php on line 456.
 1 SYSTEMPATH\Database\BaseConnection.php(603): CodeIgniter\Database\BaseConnection->initialize()
 2 SYSTEMPATH\Database\BaseBuilder.php(1629): CodeIgniter\Database\BaseConnection->query('SELECT *
FROM `users`
WHERE `email` = :email:
 LIMIT 1', [...], false)
 3 SYSTEMPATH\Model.php(318): CodeIgniter\Database\BaseBuilder->get()
 4 SYSTEMPATH\BaseModel.php(714): CodeIgniter\Model->doFirst()
 5 APPPATH\Controllers\Home.php(51): CodeIgniter\BaseModel->first()
 6 SYSTEMPATH\CodeIgniter.php(933): App\Controllers\Home->loginAuth()
 7 SYSTEMPATH\CodeIgniter.php(509): CodeIgniter\CodeIgniter->runController(Object(App\Controllers\Home))
 8 SYSTEMPATH\CodeIgniter.php(355): CodeIgniter\CodeIgniter->handleRequest(null, Object(Config\Cache), false)
 9 SYSTEMPATH\Boot.php(312): CodeIgniter\CodeIgniter->run()
10 SYSTEMPATH\Boot.php(67): CodeIgniter\Boot::runCodeIgniter(Object(CodeIgniter\CodeIgniter))
11 FCPATH\index.php(56): CodeIgniter\Boot::bootWeb(Object(Config\Paths))
