ERROR - 2024-04-23 07:20:34 --> mysqli_sql_exception: Column 'center_name' cannot be null in C:\xampp\htdocs\introcrm\system\Database\MySQLi\Connection.php:308
Stack trace:
#0 C:\xampp\htdocs\introcrm\system\Database\MySQLi\Connection.php(308): mysqli->query('INSERT INTO `cu...', 0)
#1 C:\xampp\htdocs\introcrm\system\Database\BaseConnection.php(721): CodeIgniter\Database\MySQLi\Connection->execute('INSERT INTO `cu...')
#2 C:\xampp\htdocs\introcrm\system\Database\BaseConnection.php(635): CodeIgniter\Database\BaseConnection->simpleQuery('INSERT INTO `cu...')
#3 C:\xampp\htdocs\introcrm\system\Database\BaseBuilder.php(2325): CodeIgniter\Database\BaseConnection->query('INSERT INTO `cu...', Array, false)
#4 C:\xampp\htdocs\introcrm\system\Model.php(382): CodeIgniter\Database\BaseBuilder->insert()
#5 C:\xampp\htdocs\introcrm\system\BaseModel.php(840): CodeIgniter\Model->doInsert(Array)
#6 C:\xampp\htdocs\introcrm\system\Model.php(790): CodeIgniter\BaseModel->insert(Array, false)
#7 C:\xampp\htdocs\introcrm\system\BaseModel.php(751): CodeIgniter\Model->insert(Array, false)
#8 C:\xampp\htdocs\introcrm\app\Controllers\Customers.php(101): CodeIgniter\BaseModel->save(Array)
#9 C:\xampp\htdocs\introcrm\system\CodeIgniter.php(933): App\Controllers\Customers->store()
#10 C:\xampp\htdocs\introcrm\system\CodeIgniter.php(509): CodeIgniter\CodeIgniter->runController(Object(App\Controllers\Customers))
#11 C:\xampp\htdocs\introcrm\system\CodeIgniter.php(355): CodeIgniter\CodeIgniter->handleRequest(NULL, Object(Config\Cache), false)
#12 C:\xampp\htdocs\introcrm\system\Boot.php(312): CodeIgniter\CodeIgniter->run()
#13 C:\xampp\htdocs\introcrm\system\Boot.php(67): CodeIgniter\Boot::runCodeIgniter(Object(CodeIgniter\CodeIgniter))
#14 C:\xampp\htdocs\introcrm\index.php(56): CodeIgniter\Boot::bootWeb(Object(Config\Paths))
#15 {main}
CRITICAL - 2024-04-23 07:20:34 --> CodeIgniter\Database\Exceptions\DatabaseException: Column 'center_name' cannot be null
[Method: POST, Route: customer/add]
in SYSTEMPATH\Database\BaseConnection.php on line 675.
 1 SYSTEMPATH\Database\BaseBuilder.php(2325): CodeIgniter\Database\BaseConnection->query('INSERT INTO `customers` (`upload_image`, `lead_date`, `center_name`, `email`, `fname`, `lname`, `dob`, `mobile`, `telephone`, `address_1`, `address_2`, `post_code`, `tenure`, `council`, `boiler_age`, `boiler_make`, `boiler_model`, `benefit_flex`, `epc_rating`, `additional_notes`, `created_agent_date`, `status`, `agent_name`, `userid`) VALUES (:upload_image:, :lead_date:, :center_name:, :email:, :fname:, :lname:, :dob:, :mobile:, :telephone:, :address_1:, :address_2:, :post_code:, :tenure:, :council:, :boiler_age:, :boiler_make:, :boiler_model:, :benefit_flex:, :epc_rating:, :additional_notes:, :created_agent_date:, :status:, :agent_name:, :userid:)', [...], false)
 2 SYSTEMPATH\Model.php(382): CodeIgniter\Database\BaseBuilder->insert()
 3 SYSTEMPATH\BaseModel.php(840): CodeIgniter\Model->doInsert([...])
 4 SYSTEMPATH\Model.php(790): CodeIgniter\BaseModel->insert([...], false)
 5 SYSTEMPATH\BaseModel.php(751): CodeIgniter\Model->insert([...], false)
 6 APPPATH\Controllers\Customers.php(101): CodeIgniter\BaseModel->save([...])
 7 SYSTEMPATH\CodeIgniter.php(933): App\Controllers\Customers->store()
 8 SYSTEMPATH\CodeIgniter.php(509): CodeIgniter\CodeIgniter->runController(Object(App\Controllers\Customers))
 9 SYSTEMPATH\CodeIgniter.php(355): CodeIgniter\CodeIgniter->handleRequest(null, Object(Config\Cache), false)
10 SYSTEMPATH\Boot.php(312): CodeIgniter\CodeIgniter->run()
11 SYSTEMPATH\Boot.php(67): CodeIgniter\Boot::runCodeIgniter(Object(CodeIgniter\CodeIgniter))
12 FCPATH\index.php(56): CodeIgniter\Boot::bootWeb(Object(Config\Paths))
CRITICAL - 2024-04-23 07:20:34 --> [Caused by] CodeIgniter\Database\Exceptions\DatabaseException: Column 'center_name' cannot be null
in SYSTEMPATH\Database\MySQLi\Connection.php on line 313.
 1 SYSTEMPATH\Database\BaseConnection.php(721): CodeIgniter\Database\MySQLi\Connection->execute('INSERT INTO `customers` (`upload_image`, `lead_date`, `center_name`, `email`, `fname`, `lname`, `dob`, `mobile`, `telephone`, `address_1`, `address_2`, `post_code`, `tenure`, `council`, `boiler_age`, `boiler_make`, `boiler_model`, `benefit_flex`, `epc_rating`, `additional_notes`, `created_agent_date`, `status`, `agent_name`, `userid`) VALUES (\'Skeleton.png\', \'2024-04-23 07:20:33\', NULL, \'krushna24@abc.com\', \'Krushna\', \'phad\', \'1994-02-12\', \'897987897\', \'78677\', \'komdhwa\', \'pune\', \'89897\', \'7\', \'7\', \'5\', \'ggh\', \'yg\', \'Universal credit\', \'A\', \'gfgfggf\', NULL, \'New Customer\', \' \', NULL)')
 2 SYSTEMPATH\Database\BaseConnection.php(635): CodeIgniter\Database\BaseConnection->simpleQuery('INSERT INTO `customers` (`upload_image`, `lead_date`, `center_name`, `email`, `fname`, `lname`, `dob`, `mobile`, `telephone`, `address_1`, `address_2`, `post_code`, `tenure`, `council`, `boiler_age`, `boiler_make`, `boiler_model`, `benefit_flex`, `epc_rating`, `additional_notes`, `created_agent_date`, `status`, `agent_name`, `userid`) VALUES (\'Skeleton.png\', \'2024-04-23 07:20:33\', NULL, \'krushna24@abc.com\', \'Krushna\', \'phad\', \'1994-02-12\', \'897987897\', \'78677\', \'komdhwa\', \'pune\', \'89897\', \'7\', \'7\', \'5\', \'ggh\', \'yg\', \'Universal credit\', \'A\', \'gfgfggf\', NULL, \'New Customer\', \' \', NULL)')
 3 SYSTEMPATH\Database\BaseBuilder.php(2325): CodeIgniter\Database\BaseConnection->query('INSERT INTO `customers` (`upload_image`, `lead_date`, `center_name`, `email`, `fname`, `lname`, `dob`, `mobile`, `telephone`, `address_1`, `address_2`, `post_code`, `tenure`, `council`, `boiler_age`, `boiler_make`, `boiler_model`, `benefit_flex`, `epc_rating`, `additional_notes`, `created_agent_date`, `status`, `agent_name`, `userid`) VALUES (:upload_image:, :lead_date:, :center_name:, :email:, :fname:, :lname:, :dob:, :mobile:, :telephone:, :address_1:, :address_2:, :post_code:, :tenure:, :council:, :boiler_age:, :boiler_make:, :boiler_model:, :benefit_flex:, :epc_rating:, :additional_notes:, :created_agent_date:, :status:, :agent_name:, :userid:)', [...], false)
 4 SYSTEMPATH\Model.php(382): CodeIgniter\Database\BaseBuilder->insert()
 5 SYSTEMPATH\BaseModel.php(840): CodeIgniter\Model->doInsert([...])
 6 SYSTEMPATH\Model.php(790): CodeIgniter\BaseModel->insert([...], false)
 7 SYSTEMPATH\BaseModel.php(751): CodeIgniter\Model->insert([...], false)
 8 APPPATH\Controllers\Customers.php(101): CodeIgniter\BaseModel->save([...])
 9 SYSTEMPATH\CodeIgniter.php(933): App\Controllers\Customers->store()
10 SYSTEMPATH\CodeIgniter.php(509): CodeIgniter\CodeIgniter->runController(Object(App\Controllers\Customers))
11 SYSTEMPATH\CodeIgniter.php(355): CodeIgniter\CodeIgniter->handleRequest(null, Object(Config\Cache), false)
12 SYSTEMPATH\Boot.php(312): CodeIgniter\CodeIgniter->run()
13 SYSTEMPATH\Boot.php(67): CodeIgniter\Boot::runCodeIgniter(Object(CodeIgniter\CodeIgniter))
14 FCPATH\index.php(56): CodeIgniter\Boot::bootWeb(Object(Config\Paths))
CRITICAL - 2024-04-23 07:20:34 --> [Caused by] mysqli_sql_exception: Column 'center_name' cannot be null
in SYSTEMPATH\Database\MySQLi\Connection.php on line 308.
 1 SYSTEMPATH\Database\MySQLi\Connection.php(308): mysqli->query('INSERT INTO `customers` (`upload_image`, `lead_date`, `center_name`, `email`, `fname`, `lname`, `dob`, `mobile`, `telephone`, `address_1`, `address_2`, `post_code`, `tenure`, `council`, `boiler_age`, `boiler_make`, `boiler_model`, `benefit_flex`, `epc_rating`, `additional_notes`, `created_agent_date`, `status`, `agent_name`, `userid`) VALUES (\'Skeleton.png\', \'2024-04-23 07:20:33\', NULL, \'krushna24@abc.com\', \'Krushna\', \'phad\', \'1994-02-12\', \'897987897\', \'78677\', \'komdhwa\', \'pune\', \'89897\', \'7\', \'7\', \'5\', \'ggh\', \'yg\', \'Universal credit\', \'A\', \'gfgfggf\', NULL, \'New Customer\', \' \', NULL)', 0)
 2 SYSTEMPATH\Database\BaseConnection.php(721): CodeIgniter\Database\MySQLi\Connection->execute('INSERT INTO `customers` (`upload_image`, `lead_date`, `center_name`, `email`, `fname`, `lname`, `dob`, `mobile`, `telephone`, `address_1`, `address_2`, `post_code`, `tenure`, `council`, `boiler_age`, `boiler_make`, `boiler_model`, `benefit_flex`, `epc_rating`, `additional_notes`, `created_agent_date`, `status`, `agent_name`, `userid`) VALUES (\'Skeleton.png\', \'2024-04-23 07:20:33\', NULL, \'krushna24@abc.com\', \'Krushna\', \'phad\', \'1994-02-12\', \'897987897\', \'78677\', \'komdhwa\', \'pune\', \'89897\', \'7\', \'7\', \'5\', \'ggh\', \'yg\', \'Universal credit\', \'A\', \'gfgfggf\', NULL, \'New Customer\', \' \', NULL)')
 3 SYSTEMPATH\Database\BaseConnection.php(635): CodeIgniter\Database\BaseConnection->simpleQuery('INSERT INTO `customers` (`upload_image`, `lead_date`, `center_name`, `email`, `fname`, `lname`, `dob`, `mobile`, `telephone`, `address_1`, `address_2`, `post_code`, `tenure`, `council`, `boiler_age`, `boiler_make`, `boiler_model`, `benefit_flex`, `epc_rating`, `additional_notes`, `created_agent_date`, `status`, `agent_name`, `userid`) VALUES (\'Skeleton.png\', \'2024-04-23 07:20:33\', NULL, \'krushna24@abc.com\', \'Krushna\', \'phad\', \'1994-02-12\', \'897987897\', \'78677\', \'komdhwa\', \'pune\', \'89897\', \'7\', \'7\', \'5\', \'ggh\', \'yg\', \'Universal credit\', \'A\', \'gfgfggf\', NULL, \'New Customer\', \' \', NULL)')
 4 SYSTEMPATH\Database\BaseBuilder.php(2325): CodeIgniter\Database\BaseConnection->query('INSERT INTO `customers` (`upload_image`, `lead_date`, `center_name`, `email`, `fname`, `lname`, `dob`, `mobile`, `telephone`, `address_1`, `address_2`, `post_code`, `tenure`, `council`, `boiler_age`, `boiler_make`, `boiler_model`, `benefit_flex`, `epc_rating`, `additional_notes`, `created_agent_date`, `status`, `agent_name`, `userid`) VALUES (:upload_image:, :lead_date:, :center_name:, :email:, :fname:, :lname:, :dob:, :mobile:, :telephone:, :address_1:, :address_2:, :post_code:, :tenure:, :council:, :boiler_age:, :boiler_make:, :boiler_model:, :benefit_flex:, :epc_rating:, :additional_notes:, :created_agent_date:, :status:, :agent_name:, :userid:)', [...], false)
 5 SYSTEMPATH\Model.php(382): CodeIgniter\Database\BaseBuilder->insert()
 6 SYSTEMPATH\BaseModel.php(840): CodeIgniter\Model->doInsert([...])
 7 SYSTEMPATH\Model.php(790): CodeIgniter\BaseModel->insert([...], false)
 8 SYSTEMPATH\BaseModel.php(751): CodeIgniter\Model->insert([...], false)
 9 APPPATH\Controllers\Customers.php(101): CodeIgniter\BaseModel->save([...])
10 SYSTEMPATH\CodeIgniter.php(933): App\Controllers\Customers->store()
11 SYSTEMPATH\CodeIgniter.php(509): CodeIgniter\CodeIgniter->runController(Object(App\Controllers\Customers))
12 SYSTEMPATH\CodeIgniter.php(355): CodeIgniter\CodeIgniter->handleRequest(null, Object(Config\Cache), false)
13 SYSTEMPATH\Boot.php(312): CodeIgniter\CodeIgniter->run()
14 SYSTEMPATH\Boot.php(67): CodeIgniter\Boot::runCodeIgniter(Object(CodeIgniter\CodeIgniter))
15 FCPATH\index.php(56): CodeIgniter\Boot::bootWeb(Object(Config\Paths))
ERROR - 2024-04-23 08:14:10 --> mysqli_sql_exception: Unknown column 'created_at' in 'where clause' in C:\xampp\htdocs\introcrm\system\Database\MySQLi\Connection.php:308
Stack trace:
#0 C:\xampp\htdocs\introcrm\system\Database\MySQLi\Connection.php(308): mysqli->query('SELECT COUNT(*)...', 0)
#1 C:\xampp\htdocs\introcrm\system\Database\BaseConnection.php(721): CodeIgniter\Database\MySQLi\Connection->execute('SELECT COUNT(*)...')
#2 C:\xampp\htdocs\introcrm\system\Database\BaseConnection.php(635): CodeIgniter\Database\BaseConnection->simpleQuery('SELECT COUNT(*)...')
#3 C:\xampp\htdocs\introcrm\system\Database\BaseBuilder.php(1713): CodeIgniter\Database\BaseConnection->query('SELECT COUNT(*)...', Array, false)
#4 C:\xampp\htdocs\introcrm\system\Model.php(666): CodeIgniter\Database\BaseBuilder->countAllResults(false)
#5 C:\xampp\htdocs\introcrm\system\BaseModel.php(1281): CodeIgniter\Model->countAllResults(false)
#6 C:\xampp\htdocs\introcrm\app\Controllers\FilterCustomer.php(43): CodeIgniter\BaseModel->paginate()
#7 C:\xampp\htdocs\introcrm\system\CodeIgniter.php(933): App\Controllers\FilterCustomer->filterByDays('today')
#8 C:\xampp\htdocs\introcrm\system\CodeIgniter.php(509): CodeIgniter\CodeIgniter->runController(Object(App\Controllers\FilterCustomer))
#9 C:\xampp\htdocs\introcrm\system\CodeIgniter.php(355): CodeIgniter\CodeIgniter->handleRequest(NULL, Object(Config\Cache), false)
#10 C:\xampp\htdocs\introcrm\system\Boot.php(312): CodeIgniter\CodeIgniter->run()
#11 C:\xampp\htdocs\introcrm\system\Boot.php(67): CodeIgniter\Boot::runCodeIgniter(Object(CodeIgniter\CodeIgniter))
#12 C:\xampp\htdocs\introcrm\index.php(56): CodeIgniter\Boot::bootWeb(Object(Config\Paths))
#13 {main}
CRITICAL - 2024-04-23 08:14:10 --> CodeIgniter\Database\Exceptions\DatabaseException: Unknown column 'created_at' in 'where clause'
[Method: GET, Route: filter/today]
in SYSTEMPATH\Database\BaseConnection.php on line 675.
 1 SYSTEMPATH\Database\BaseBuilder.php(1713): CodeIgniter\Database\BaseConnection->query('SELECT COUNT(*) AS `numrows`
FROM `customers`
WHERE DATE(created_at) = :DATE(created_at):', [...], false)
 2 SYSTEMPATH\Model.php(666): CodeIgniter\Database\BaseBuilder->countAllResults(false)
 3 SYSTEMPATH\BaseModel.php(1281): CodeIgniter\Model->countAllResults(false)
 4 APPPATH\Controllers\FilterCustomer.php(43): CodeIgniter\BaseModel->paginate()
 5 SYSTEMPATH\CodeIgniter.php(933): App\Controllers\FilterCustomer->filterByDays('today')
 6 SYSTEMPATH\CodeIgniter.php(509): CodeIgniter\CodeIgniter->runController(Object(App\Controllers\FilterCustomer))
 7 SYSTEMPATH\CodeIgniter.php(355): CodeIgniter\CodeIgniter->handleRequest(null, Object(Config\Cache), false)
 8 SYSTEMPATH\Boot.php(312): CodeIgniter\CodeIgniter->run()
 9 SYSTEMPATH\Boot.php(67): CodeIgniter\Boot::runCodeIgniter(Object(CodeIgniter\CodeIgniter))
10 FCPATH\index.php(56): CodeIgniter\Boot::bootWeb(Object(Config\Paths))
CRITICAL - 2024-04-23 08:14:10 --> [Caused by] CodeIgniter\Database\Exceptions\DatabaseException: Unknown column 'created_at' in 'where clause'
in SYSTEMPATH\Database\MySQLi\Connection.php on line 313.
 1 SYSTEMPATH\Database\BaseConnection.php(721): CodeIgniter\Database\MySQLi\Connection->execute('SELECT COUNT(*) AS `numrows`
FROM `customers`
WHERE DATE(created_at) = \'2024-04-23\'')
 2 SYSTEMPATH\Database\BaseConnection.php(635): CodeIgniter\Database\BaseConnection->simpleQuery('SELECT COUNT(*) AS `numrows`
FROM `customers`
WHERE DATE(created_at) = \'2024-04-23\'')
 3 SYSTEMPATH\Database\BaseBuilder.php(1713): CodeIgniter\Database\BaseConnection->query('SELECT COUNT(*) AS `numrows`
FROM `customers`
WHERE DATE(created_at) = :DATE(created_at):', [...], false)
 4 SYSTEMPATH\Model.php(666): CodeIgniter\Database\BaseBuilder->countAllResults(false)
 5 SYSTEMPATH\BaseModel.php(1281): CodeIgniter\Model->countAllResults(false)
 6 APPPATH\Controllers\FilterCustomer.php(43): CodeIgniter\BaseModel->paginate()
 7 SYSTEMPATH\CodeIgniter.php(933): App\Controllers\FilterCustomer->filterByDays('today')
 8 SYSTEMPATH\CodeIgniter.php(509): CodeIgniter\CodeIgniter->runController(Object(App\Controllers\FilterCustomer))
 9 SYSTEMPATH\CodeIgniter.php(355): CodeIgniter\CodeIgniter->handleRequest(null, Object(Config\Cache), false)
10 SYSTEMPATH\Boot.php(312): CodeIgniter\CodeIgniter->run()
11 SYSTEMPATH\Boot.php(67): CodeIgniter\Boot::runCodeIgniter(Object(CodeIgniter\CodeIgniter))
12 FCPATH\index.php(56): CodeIgniter\Boot::bootWeb(Object(Config\Paths))
CRITICAL - 2024-04-23 08:14:10 --> [Caused by] mysqli_sql_exception: Unknown column 'created_at' in 'where clause'
in SYSTEMPATH\Database\MySQLi\Connection.php on line 308.
 1 SYSTEMPATH\Database\MySQLi\Connection.php(308): mysqli->query('SELECT COUNT(*) AS `numrows`
FROM `customers`
WHERE DATE(created_at) = \'2024-04-23\'', 0)
 2 SYSTEMPATH\Database\BaseConnection.php(721): CodeIgniter\Database\MySQLi\Connection->execute('SELECT COUNT(*) AS `numrows`
FROM `customers`
WHERE DATE(created_at) = \'2024-04-23\'')
 3 SYSTEMPATH\Database\BaseConnection.php(635): CodeIgniter\Database\BaseConnection->simpleQuery('SELECT COUNT(*) AS `numrows`
FROM `customers`
WHERE DATE(created_at) = \'2024-04-23\'')
 4 SYSTEMPATH\Database\BaseBuilder.php(1713): CodeIgniter\Database\BaseConnection->query('SELECT COUNT(*) AS `numrows`
FROM `customers`
WHERE DATE(created_at) = :DATE(created_at):', [...], false)
 5 SYSTEMPATH\Model.php(666): CodeIgniter\Database\BaseBuilder->countAllResults(false)
 6 SYSTEMPATH\BaseModel.php(1281): CodeIgniter\Model->countAllResults(false)
 7 APPPATH\Controllers\FilterCustomer.php(43): CodeIgniter\BaseModel->paginate()
 8 SYSTEMPATH\CodeIgniter.php(933): App\Controllers\FilterCustomer->filterByDays('today')
 9 SYSTEMPATH\CodeIgniter.php(509): CodeIgniter\CodeIgniter->runController(Object(App\Controllers\FilterCustomer))
10 SYSTEMPATH\CodeIgniter.php(355): CodeIgniter\CodeIgniter->handleRequest(null, Object(Config\Cache), false)
11 SYSTEMPATH\Boot.php(312): CodeIgniter\CodeIgniter->run()
12 SYSTEMPATH\Boot.php(67): CodeIgniter\Boot::runCodeIgniter(Object(CodeIgniter\CodeIgniter))
13 FCPATH\index.php(56): CodeIgniter\Boot::bootWeb(Object(Config\Paths))
CRITICAL - 2024-04-23 09:21:35 --> ErrorException: Cannot redeclare App\Controllers\Dashboard::countWorkingDaysUntilToday()
[Method: GET, Route: dashboard]
in APPPATH\Controllers\Dashboard.php on line 69.
 1 [internal function]: CodeIgniter\Debug\Exceptions->shutdownHandler()
CRITICAL - 2024-04-23 09:21:41 --> ErrorException: Trying to access array offset on value of type null
[Method: GET, Route: customer/18]
in APPPATH\Views\customers\edit_customer.php on line 70.
 1 APPPATH\Views\customers\edit_customer.php(70): CodeIgniter\Debug\Exceptions->errorHandler(2, 'Trying to access array offset on value of type null', 'C:\\xampp\\htdocs\\introcrm\\app\\Views\\customers\\edit_customer.php', 70)
 2 SYSTEMPATH\View\View.php(234): include('C:\\xampp\\htdocs\\introcrm\\app\\Views\\customers\\edit_customer.php')
 3 SYSTEMPATH\View\View.php(237): CodeIgniter\View\View->CodeIgniter\View\{closure}()
 4 SYSTEMPATH\Common.php(1171): CodeIgniter\View\View->render('customers/edit_customer', [], true)
 5 APPPATH\Controllers\Customers.php(128): view('customers/edit_customer', [...])
 6 SYSTEMPATH\CodeIgniter.php(933): App\Controllers\Customers->showCustomer('18')
 7 SYSTEMPATH\CodeIgniter.php(509): CodeIgniter\CodeIgniter->runController(Object(App\Controllers\Customers))
 8 SYSTEMPATH\CodeIgniter.php(355): CodeIgniter\CodeIgniter->handleRequest(null, Object(Config\Cache), false)
 9 SYSTEMPATH\Boot.php(312): CodeIgniter\CodeIgniter->run()
10 SYSTEMPATH\Boot.php(67): CodeIgniter\Boot::runCodeIgniter(Object(CodeIgniter\CodeIgniter))
11 FCPATH\index.php(56): CodeIgniter\Boot::bootWeb(Object(Config\Paths))
CRITICAL - 2024-04-23 09:21:54 --> ErrorException: Trying to access array offset on value of type null
[Method: GET, Route: customer/18]
in APPPATH\Views\customers\edit_customer.php on line 70.
 1 APPPATH\Views\customers\edit_customer.php(70): CodeIgniter\Debug\Exceptions->errorHandler(2, 'Trying to access array offset on value of type null', 'C:\\xampp\\htdocs\\introcrm\\app\\Views\\customers\\edit_customer.php', 70)
 2 SYSTEMPATH\View\View.php(234): include('C:\\xampp\\htdocs\\introcrm\\app\\Views\\customers\\edit_customer.php')
 3 SYSTEMPATH\View\View.php(237): CodeIgniter\View\View->CodeIgniter\View\{closure}()
 4 SYSTEMPATH\Common.php(1171): CodeIgniter\View\View->render('customers/edit_customer', [], true)
 5 APPPATH\Controllers\Customers.php(128): view('customers/edit_customer', [...])
 6 SYSTEMPATH\CodeIgniter.php(933): App\Controllers\Customers->showCustomer('18')
 7 SYSTEMPATH\CodeIgniter.php(509): CodeIgniter\CodeIgniter->runController(Object(App\Controllers\Customers))
 8 SYSTEMPATH\CodeIgniter.php(355): CodeIgniter\CodeIgniter->handleRequest(null, Object(Config\Cache), false)
 9 SYSTEMPATH\Boot.php(312): CodeIgniter\CodeIgniter->run()
10 SYSTEMPATH\Boot.php(67): CodeIgniter\Boot::runCodeIgniter(Object(CodeIgniter\CodeIgniter))
11 FCPATH\index.php(56): CodeIgniter\Boot::bootWeb(Object(Config\Paths))
CRITICAL - 2024-04-23 09:22:06 --> ErrorException: Trying to access array offset on value of type null
[Method: GET, Route: customer/18]
in APPPATH\Views\customers\edit_customer.php on line 70.
 1 APPPATH\Views\customers\edit_customer.php(70): CodeIgniter\Debug\Exceptions->errorHandler(2, 'Trying to access array offset on value of type null', 'C:\\xampp\\htdocs\\introcrm\\app\\Views\\customers\\edit_customer.php', 70)
 2 SYSTEMPATH\View\View.php(234): include('C:\\xampp\\htdocs\\introcrm\\app\\Views\\customers\\edit_customer.php')
 3 SYSTEMPATH\View\View.php(237): CodeIgniter\View\View->CodeIgniter\View\{closure}()
 4 SYSTEMPATH\Common.php(1171): CodeIgniter\View\View->render('customers/edit_customer', [], true)
 5 APPPATH\Controllers\Customers.php(128): view('customers/edit_customer', [...])
 6 SYSTEMPATH\CodeIgniter.php(933): App\Controllers\Customers->showCustomer('18')
 7 SYSTEMPATH\CodeIgniter.php(509): CodeIgniter\CodeIgniter->runController(Object(App\Controllers\Customers))
 8 SYSTEMPATH\CodeIgniter.php(355): CodeIgniter\CodeIgniter->handleRequest(null, Object(Config\Cache), false)
 9 SYSTEMPATH\Boot.php(312): CodeIgniter\CodeIgniter->run()
10 SYSTEMPATH\Boot.php(67): CodeIgniter\Boot::runCodeIgniter(Object(CodeIgniter\CodeIgniter))
11 FCPATH\index.php(56): CodeIgniter\Boot::bootWeb(Object(Config\Paths))
CRITICAL - 2024-04-23 09:22:08 --> ErrorException: Trying to access array offset on value of type null
[Method: GET, Route: customer/18]
in APPPATH\Views\customers\edit_customer.php on line 70.
 1 APPPATH\Views\customers\edit_customer.php(70): CodeIgniter\Debug\Exceptions->errorHandler(2, 'Trying to access array offset on value of type null', 'C:\\xampp\\htdocs\\introcrm\\app\\Views\\customers\\edit_customer.php', 70)
 2 SYSTEMPATH\View\View.php(234): include('C:\\xampp\\htdocs\\introcrm\\app\\Views\\customers\\edit_customer.php')
 3 SYSTEMPATH\View\View.php(237): CodeIgniter\View\View->CodeIgniter\View\{closure}()
 4 SYSTEMPATH\Common.php(1171): CodeIgniter\View\View->render('customers/edit_customer', [], true)
 5 APPPATH\Controllers\Customers.php(128): view('customers/edit_customer', [...])
 6 SYSTEMPATH\CodeIgniter.php(933): App\Controllers\Customers->showCustomer('18')
 7 SYSTEMPATH\CodeIgniter.php(509): CodeIgniter\CodeIgniter->runController(Object(App\Controllers\Customers))
 8 SYSTEMPATH\CodeIgniter.php(355): CodeIgniter\CodeIgniter->handleRequest(null, Object(Config\Cache), false)
 9 SYSTEMPATH\Boot.php(312): CodeIgniter\CodeIgniter->run()
10 SYSTEMPATH\Boot.php(67): CodeIgniter\Boot::runCodeIgniter(Object(CodeIgniter\CodeIgniter))
11 FCPATH\index.php(56): CodeIgniter\Boot::bootWeb(Object(Config\Paths))
CRITICAL - 2024-04-23 09:35:19 --> ErrorException: Undefined variable $lead_id
[Method: GET, Route: dashboard]
in APPPATH\Controllers\Dashboard.php on line 101.
 1 APPPATH\Controllers\Dashboard.php(101): CodeIgniter\Debug\Exceptions->errorHandler(2, 'Undefined variable $lead_id', 'C:\\xampp\\htdocs\\introcrm\\app\\Controllers\\Dashboard.php', 101)
 2 SYSTEMPATH\CodeIgniter.php(933): App\Controllers\Dashboard->index()
 3 SYSTEMPATH\CodeIgniter.php(509): CodeIgniter\CodeIgniter->runController(Object(App\Controllers\Dashboard))
 4 SYSTEMPATH\CodeIgniter.php(355): CodeIgniter\CodeIgniter->handleRequest(null, Object(Config\Cache), false)
 5 SYSTEMPATH\Boot.php(312): CodeIgniter\CodeIgniter->run()
 6 SYSTEMPATH\Boot.php(67): CodeIgniter\Boot::runCodeIgniter(Object(CodeIgniter\CodeIgniter))
 7 FCPATH\index.php(56): CodeIgniter\Boot::bootWeb(Object(Config\Paths))
CRITICAL - 2024-04-23 10:06:09 --> ErrorException: Undefined variable $0
[Method: GET, Route: dashboard]
in APPPATH\Views\dashboard\dashboard.php on line 125.
 1 APPPATH\Views\dashboard\dashboard.php(125): CodeIgniter\Debug\Exceptions->errorHandler(2, 'Undefined variable $0', 'C:\\xampp\\htdocs\\introcrm\\app\\Views\\dashboard\\dashboard.php', 125)
 2 SYSTEMPATH\View\View.php(234): include('C:\\xampp\\htdocs\\introcrm\\app\\Views\\dashboard\\dashboard.php')
 3 SYSTEMPATH\View\View.php(237): CodeIgniter\View\View->CodeIgniter\View\{closure}()
 4 SYSTEMPATH\Common.php(1171): CodeIgniter\View\View->render('dashboard/dashboard', [], true)
 5 APPPATH\Controllers\Dashboard.php(126): view('dashboard/dashboard', [...])
 6 SYSTEMPATH\CodeIgniter.php(933): App\Controllers\Dashboard->index()
 7 SYSTEMPATH\CodeIgniter.php(509): CodeIgniter\CodeIgniter->runController(Object(App\Controllers\Dashboard))
 8 SYSTEMPATH\CodeIgniter.php(355): CodeIgniter\CodeIgniter->handleRequest(null, Object(Config\Cache), false)
 9 SYSTEMPATH\Boot.php(312): CodeIgniter\CodeIgniter->run()
10 SYSTEMPATH\Boot.php(67): CodeIgniter\Boot::runCodeIgniter(Object(CodeIgniter\CodeIgniter))
11 FCPATH\index.php(56): CodeIgniter\Boot::bootWeb(Object(Config\Paths))
CRITICAL - 2024-04-23 10:18:36 --> ErrorException: Undefined variable $countPaid
[Method: GET, Route: dashboard]
in APPPATH\Views\dashboard\dashboard.php on line 125.
 1 APPPATH\Views\dashboard\dashboard.php(125): CodeIgniter\Debug\Exceptions->errorHandler(2, 'Undefined variable $countPaid', 'C:\\xampp\\htdocs\\introcrm\\app\\Views\\dashboard\\dashboard.php', 125)
 2 SYSTEMPATH\View\View.php(234): include('C:\\xampp\\htdocs\\introcrm\\app\\Views\\dashboard\\dashboard.php')
 3 SYSTEMPATH\View\View.php(237): CodeIgniter\View\View->CodeIgniter\View\{closure}()
 4 SYSTEMPATH\Common.php(1171): CodeIgniter\View\View->render('dashboard/dashboard', [], true)
 5 APPPATH\Controllers\Dashboard.php(126): view('dashboard/dashboard', [...])
 6 SYSTEMPATH\CodeIgniter.php(933): App\Controllers\Dashboard->index()
 7 SYSTEMPATH\CodeIgniter.php(509): CodeIgniter\CodeIgniter->runController(Object(App\Controllers\Dashboard))
 8 SYSTEMPATH\CodeIgniter.php(355): CodeIgniter\CodeIgniter->handleRequest(null, Object(Config\Cache), false)
 9 SYSTEMPATH\Boot.php(312): CodeIgniter\CodeIgniter->run()
10 SYSTEMPATH\Boot.php(67): CodeIgniter\Boot::runCodeIgniter(Object(CodeIgniter\CodeIgniter))
11 FCPATH\index.php(56): CodeIgniter\Boot::bootWeb(Object(Config\Paths))
CRITICAL - 2024-04-23 10:19:04 --> ErrorException: Undefined variable $countPaid
[Method: GET, Route: dashboard]
in APPPATH\Views\dashboard\dashboard.php on line 125.
 1 APPPATH\Views\dashboard\dashboard.php(125): CodeIgniter\Debug\Exceptions->errorHandler(2, 'Undefined variable $countPaid', 'C:\\xampp\\htdocs\\introcrm\\app\\Views\\dashboard\\dashboard.php', 125)
 2 SYSTEMPATH\View\View.php(234): include('C:\\xampp\\htdocs\\introcrm\\app\\Views\\dashboard\\dashboard.php')
 3 SYSTEMPATH\View\View.php(237): CodeIgniter\View\View->CodeIgniter\View\{closure}()
 4 SYSTEMPATH\Common.php(1171): CodeIgniter\View\View->render('dashboard/dashboard', [], true)
 5 APPPATH\Controllers\Dashboard.php(126): view('dashboard/dashboard', [...])
 6 SYSTEMPATH\CodeIgniter.php(933): App\Controllers\Dashboard->index()
 7 SYSTEMPATH\CodeIgniter.php(509): CodeIgniter\CodeIgniter->runController(Object(App\Controllers\Dashboard))
 8 SYSTEMPATH\CodeIgniter.php(355): CodeIgniter\CodeIgniter->handleRequest(null, Object(Config\Cache), false)
 9 SYSTEMPATH\Boot.php(312): CodeIgniter\CodeIgniter->run()
10 SYSTEMPATH\Boot.php(67): CodeIgniter\Boot::runCodeIgniter(Object(CodeIgniter\CodeIgniter))
11 FCPATH\index.php(56): CodeIgniter\Boot::bootWeb(Object(Config\Paths))
