CRITICAL - 2024-04-26 12:11:31 --> ParseError: syntax error, unexpected end of file, expecting "elseif" or "else" or "endif"
[Method: GET, Route: dashboard]
in APPPATH\Views\dashboard\header.php on line 179.
 1 SYSTEMPATH\View\View.php(237): CodeIgniter\View\View->CodeIgniter\View\{closure}()
 2 SYSTEMPATH\View\View.php(484): CodeIgniter\View\View->render('dashboard/header', null, true)
 3 APPPATH\Views\layout\layout.php(1): CodeIgniter\View\View->include('dashboard/header')
 4 SYSTEMPATH\View\View.php(234): include('C:\\xampp\\htdocs\\introcrm\\app\\Views\\layout\\layout.php')
 5 SYSTEMPATH\View\View.php(237): CodeIgniter\View\View->CodeIgniter\View\{closure}()
 6 SYSTEMPATH\View\View.php(250): CodeIgniter\View\View->render('layout/layout', [], true)
 7 SYSTEMPATH\Common.php(1171): CodeIgniter\View\View->render('dashboard/dashboard', [], true)
 8 APPPATH\Controllers\Dashboard.php(180): view('dashboard/dashboard', [...])
 9 SYSTEMPATH\CodeIgniter.php(933): App\Controllers\Dashboard->index()
10 SYSTEMPATH\CodeIgniter.php(509): CodeIgniter\CodeIgniter->runController(Object(App\Controllers\Dashboard))
11 SYSTEMPATH\CodeIgniter.php(355): CodeIgniter\CodeIgniter->handleRequest(null, Object(Config\Cache), false)
12 SYSTEMPATH\Boot.php(312): CodeIgniter\CodeIgniter->run()
13 SYSTEMPATH\Boot.php(67): CodeIgniter\Boot::runCodeIgniter(Object(CodeIgniter\CodeIgniter))
14 FCPATH\index.php(56): CodeIgniter\Boot::bootWeb(Object(Config\Paths))
CRITICAL - 2024-04-26 12:14:26 --> ErrorException: Undefined array key "fname"
[Method: GET, Route: dashboard]
in APPPATH\Views\dashboard\header.php on line 149.
 1 APPPATH\Views\dashboard\header.php(149): CodeIgniter\Debug\Exceptions->errorHandler(2, 'Undefined array key "fname"', 'C:\\xampp\\htdocs\\introcrm\\app\\Views\\dashboard\\header.php', 149)
 2 SYSTEMPATH\View\View.php(234): include('C:\\xampp\\htdocs\\introcrm\\app\\Views\\dashboard\\header.php')
 3 SYSTEMPATH\View\View.php(237): CodeIgniter\View\View->CodeIgniter\View\{closure}()
 4 SYSTEMPATH\View\View.php(484): CodeIgniter\View\View->render('dashboard/header', null, true)
 5 APPPATH\Views\layout\layout.php(1): CodeIgniter\View\View->include('dashboard/header')
 6 SYSTEMPATH\View\View.php(234): include('C:\\xampp\\htdocs\\introcrm\\app\\Views\\layout\\layout.php')
 7 SYSTEMPATH\View\View.php(237): CodeIgniter\View\View->CodeIgniter\View\{closure}()
 8 SYSTEMPATH\View\View.php(250): CodeIgniter\View\View->render('layout/layout', [], true)
 9 SYSTEMPATH\Common.php(1171): CodeIgniter\View\View->render('dashboard/dashboard', [], true)
10 APPPATH\Controllers\Dashboard.php(180): view('dashboard/dashboard', [...])
11 SYSTEMPATH\CodeIgniter.php(933): App\Controllers\Dashboard->index()
12 SYSTEMPATH\CodeIgniter.php(509): CodeIgniter\CodeIgniter->runController(Object(App\Controllers\Dashboard))
13 SYSTEMPATH\CodeIgniter.php(355): CodeIgniter\CodeIgniter->handleRequest(null, Object(Config\Cache), false)
14 SYSTEMPATH\Boot.php(312): CodeIgniter\CodeIgniter->run()
15 SYSTEMPATH\Boot.php(67): CodeIgniter\Boot::runCodeIgniter(Object(CodeIgniter\CodeIgniter))
16 FCPATH\index.php(56): CodeIgniter\Boot::bootWeb(Object(Config\Paths))
CRITICAL - 2024-04-26 06:59:30 --> ErrorException: Undefined variable $callback
[Method: GET, Route: customer]
in APPPATH\Views\dashboard\header.php on line 133.
 1 APPPATH\Views\dashboard\header.php(133): CodeIgniter\Debug\Exceptions->errorHandler(2, 'Undefined variable $callback', 'C:\\xampp\\htdocs\\introcrm\\app\\Views\\dashboard\\header.php', 133)
 2 SYSTEMPATH\View\View.php(234): include('C:\\xampp\\htdocs\\introcrm\\app\\Views\\dashboard\\header.php')
 3 SYSTEMPATH\View\View.php(237): CodeIgniter\View\View->CodeIgniter\View\{closure}()
 4 SYSTEMPATH\View\View.php(484): CodeIgniter\View\View->render('dashboard/header', null, true)
 5 APPPATH\Views\layout\layout.php(1): CodeIgniter\View\View->include('dashboard/header')
 6 SYSTEMPATH\View\View.php(234): include('C:\\xampp\\htdocs\\introcrm\\app\\Views\\layout\\layout.php')
 7 SYSTEMPATH\View\View.php(237): CodeIgniter\View\View->CodeIgniter\View\{closure}()
 8 SYSTEMPATH\View\View.php(250): CodeIgniter\View\View->render('layout/layout', [], true)
 9 SYSTEMPATH\Common.php(1171): CodeIgniter\View\View->render('customers/add_customer', [], true)
10 APPPATH\Controllers\Customers.php(44): view('customers/add_customer', [...])
11 SYSTEMPATH\CodeIgniter.php(933): App\Controllers\Customers->customer()
12 SYSTEMPATH\CodeIgniter.php(509): CodeIgniter\CodeIgniter->runController(Object(App\Controllers\Customers))
13 SYSTEMPATH\CodeIgniter.php(355): CodeIgniter\CodeIgniter->handleRequest(null, Object(Config\Cache), false)
14 SYSTEMPATH\Boot.php(312): CodeIgniter\CodeIgniter->run()
15 SYSTEMPATH\Boot.php(67): CodeIgniter\Boot::runCodeIgniter(Object(CodeIgniter\CodeIgniter))
16 FCPATH\index.php(56): CodeIgniter\Boot::bootWeb(Object(Config\Paths))
CRITICAL - 2024-04-26 07:00:34 --> ErrorException: Undefined variable $callback
[Method: GET, Route: customer]
in APPPATH\Views\dashboard\header.php on line 134.
 1 APPPATH\Views\dashboard\header.php(134): CodeIgniter\Debug\Exceptions->errorHandler(2, 'Undefined variable $callback', 'C:\\xampp\\htdocs\\introcrm\\app\\Views\\dashboard\\header.php', 134)
 2 SYSTEMPATH\View\View.php(234): include('C:\\xampp\\htdocs\\introcrm\\app\\Views\\dashboard\\header.php')
 3 SYSTEMPATH\View\View.php(237): CodeIgniter\View\View->CodeIgniter\View\{closure}()
 4 SYSTEMPATH\View\View.php(484): CodeIgniter\View\View->render('dashboard/header', null, true)
 5 APPPATH\Views\layout\layout.php(1): CodeIgniter\View\View->include('dashboard/header')
 6 SYSTEMPATH\View\View.php(234): include('C:\\xampp\\htdocs\\introcrm\\app\\Views\\layout\\layout.php')
 7 SYSTEMPATH\View\View.php(237): CodeIgniter\View\View->CodeIgniter\View\{closure}()
 8 SYSTEMPATH\View\View.php(250): CodeIgniter\View\View->render('layout/layout', [], true)
 9 SYSTEMPATH\Common.php(1171): CodeIgniter\View\View->render('customers/add_customer', [], true)
10 APPPATH\Controllers\Customers.php(44): view('customers/add_customer', [...])
11 SYSTEMPATH\CodeIgniter.php(933): App\Controllers\Customers->customer()
12 SYSTEMPATH\CodeIgniter.php(509): CodeIgniter\CodeIgniter->runController(Object(App\Controllers\Customers))
13 SYSTEMPATH\CodeIgniter.php(355): CodeIgniter\CodeIgniter->handleRequest(null, Object(Config\Cache), false)
14 SYSTEMPATH\Boot.php(312): CodeIgniter\CodeIgniter->run()
15 SYSTEMPATH\Boot.php(67): CodeIgniter\Boot::runCodeIgniter(Object(CodeIgniter\CodeIgniter))
16 FCPATH\index.php(56): CodeIgniter\Boot::bootWeb(Object(Config\Paths))
CRITICAL - 2024-04-26 07:00:36 --> ErrorException: Undefined variable $callback
[Method: GET, Route: customer]
in APPPATH\Views\dashboard\header.php on line 134.
 1 APPPATH\Views\dashboard\header.php(134): CodeIgniter\Debug\Exceptions->errorHandler(2, 'Undefined variable $callback', 'C:\\xampp\\htdocs\\introcrm\\app\\Views\\dashboard\\header.php', 134)
 2 SYSTEMPATH\View\View.php(234): include('C:\\xampp\\htdocs\\introcrm\\app\\Views\\dashboard\\header.php')
 3 SYSTEMPATH\View\View.php(237): CodeIgniter\View\View->CodeIgniter\View\{closure}()
 4 SYSTEMPATH\View\View.php(484): CodeIgniter\View\View->render('dashboard/header', null, true)
 5 APPPATH\Views\layout\layout.php(1): CodeIgniter\View\View->include('dashboard/header')
 6 SYSTEMPATH\View\View.php(234): include('C:\\xampp\\htdocs\\introcrm\\app\\Views\\layout\\layout.php')
 7 SYSTEMPATH\View\View.php(237): CodeIgniter\View\View->CodeIgniter\View\{closure}()
 8 SYSTEMPATH\View\View.php(250): CodeIgniter\View\View->render('layout/layout', [], true)
 9 SYSTEMPATH\Common.php(1171): CodeIgniter\View\View->render('customers/add_customer', [], true)
10 APPPATH\Controllers\Customers.php(44): view('customers/add_customer', [...])
11 SYSTEMPATH\CodeIgniter.php(933): App\Controllers\Customers->customer()
12 SYSTEMPATH\CodeIgniter.php(509): CodeIgniter\CodeIgniter->runController(Object(App\Controllers\Customers))
13 SYSTEMPATH\CodeIgniter.php(355): CodeIgniter\CodeIgniter->handleRequest(null, Object(Config\Cache), false)
14 SYSTEMPATH\Boot.php(312): CodeIgniter\CodeIgniter->run()
15 SYSTEMPATH\Boot.php(67): CodeIgniter\Boot::runCodeIgniter(Object(CodeIgniter\CodeIgniter))
16 FCPATH\index.php(56): CodeIgniter\Boot::bootWeb(Object(Config\Paths))
CRITICAL - 2024-04-26 07:00:36 --> ErrorException: Undefined variable $callback
[Method: GET, Route: customer]
in APPPATH\Views\dashboard\header.php on line 134.
 1 APPPATH\Views\dashboard\header.php(134): CodeIgniter\Debug\Exceptions->errorHandler(2, 'Undefined variable $callback', 'C:\\xampp\\htdocs\\introcrm\\app\\Views\\dashboard\\header.php', 134)
 2 SYSTEMPATH\View\View.php(234): include('C:\\xampp\\htdocs\\introcrm\\app\\Views\\dashboard\\header.php')
 3 SYSTEMPATH\View\View.php(237): CodeIgniter\View\View->CodeIgniter\View\{closure}()
 4 SYSTEMPATH\View\View.php(484): CodeIgniter\View\View->render('dashboard/header', null, true)
 5 APPPATH\Views\layout\layout.php(1): CodeIgniter\View\View->include('dashboard/header')
 6 SYSTEMPATH\View\View.php(234): include('C:\\xampp\\htdocs\\introcrm\\app\\Views\\layout\\layout.php')
 7 SYSTEMPATH\View\View.php(237): CodeIgniter\View\View->CodeIgniter\View\{closure}()
 8 SYSTEMPATH\View\View.php(250): CodeIgniter\View\View->render('layout/layout', [], true)
 9 SYSTEMPATH\Common.php(1171): CodeIgniter\View\View->render('customers/add_customer', [], true)
10 APPPATH\Controllers\Customers.php(44): view('customers/add_customer', [...])
11 SYSTEMPATH\CodeIgniter.php(933): App\Controllers\Customers->customer()
12 SYSTEMPATH\CodeIgniter.php(509): CodeIgniter\CodeIgniter->runController(Object(App\Controllers\Customers))
13 SYSTEMPATH\CodeIgniter.php(355): CodeIgniter\CodeIgniter->handleRequest(null, Object(Config\Cache), false)
14 SYSTEMPATH\Boot.php(312): CodeIgniter\CodeIgniter->run()
15 SYSTEMPATH\Boot.php(67): CodeIgniter\Boot::runCodeIgniter(Object(CodeIgniter\CodeIgniter))
16 FCPATH\index.php(56): CodeIgniter\Boot::bootWeb(Object(Config\Paths))
CRITICAL - 2024-04-26 11:16:11 --> CodeIgniter\HTTP\Exceptions\BadRequestException: The URI you submitted has disallowed characters: "<"
[Method: GET, Route: customer/%3C]
in SYSTEMPATH\Router\Router.php on line 736.
 1 SYSTEMPATH\Router\Router.php(203): CodeIgniter\Router\Router->checkDisallowedChars('customer/<')
 2 SYSTEMPATH\CodeIgniter.php(834): CodeIgniter\Router\Router->handle('customer/<')
 3 SYSTEMPATH\CodeIgniter.php(457): CodeIgniter\CodeIgniter->tryToRouteIt(Object(CodeIgniter\Router\RouteCollection))
 4 SYSTEMPATH\CodeIgniter.php(355): CodeIgniter\CodeIgniter->handleRequest(null, Object(Config\Cache), false)
 5 SYSTEMPATH\Boot.php(312): CodeIgniter\CodeIgniter->run()
 6 SYSTEMPATH\Boot.php(67): CodeIgniter\Boot::runCodeIgniter(Object(CodeIgniter\CodeIgniter))
 7 FCPATH\index.php(56): CodeIgniter\Boot::bootWeb(Object(Config\Paths))
CRITICAL - 2024-04-26 11:16:18 --> CodeIgniter\HTTP\Exceptions\BadRequestException: The URI you submitted has disallowed characters: "<"
[Method: GET, Route: customer/%3C]
in SYSTEMPATH\Router\Router.php on line 736.
 1 SYSTEMPATH\Router\Router.php(203): CodeIgniter\Router\Router->checkDisallowedChars('customer/<')
 2 SYSTEMPATH\CodeIgniter.php(834): CodeIgniter\Router\Router->handle('customer/<')
 3 SYSTEMPATH\CodeIgniter.php(457): CodeIgniter\CodeIgniter->tryToRouteIt(Object(CodeIgniter\Router\RouteCollection))
 4 SYSTEMPATH\CodeIgniter.php(355): CodeIgniter\CodeIgniter->handleRequest(null, Object(Config\Cache), false)
 5 SYSTEMPATH\Boot.php(312): CodeIgniter\CodeIgniter->run()
 6 SYSTEMPATH\Boot.php(67): CodeIgniter\Boot::runCodeIgniter(Object(CodeIgniter\CodeIgniter))
 7 FCPATH\index.php(56): CodeIgniter\Boot::bootWeb(Object(Config\Paths))
CRITICAL - 2024-04-26 11:16:33 --> CodeIgniter\HTTP\Exceptions\BadRequestException: The URI you submitted has disallowed characters: "<"
[Method: GET, Route: customer/%3C]
in SYSTEMPATH\Router\Router.php on line 736.
 1 SYSTEMPATH\Router\Router.php(203): CodeIgniter\Router\Router->checkDisallowedChars('customer/<')
 2 SYSTEMPATH\CodeIgniter.php(834): CodeIgniter\Router\Router->handle('customer/<')
 3 SYSTEMPATH\CodeIgniter.php(457): CodeIgniter\CodeIgniter->tryToRouteIt(Object(CodeIgniter\Router\RouteCollection))
 4 SYSTEMPATH\CodeIgniter.php(355): CodeIgniter\CodeIgniter->handleRequest(null, Object(Config\Cache), false)
 5 SYSTEMPATH\Boot.php(312): CodeIgniter\CodeIgniter->run()
 6 SYSTEMPATH\Boot.php(67): CodeIgniter\Boot::runCodeIgniter(Object(CodeIgniter\CodeIgniter))
 7 FCPATH\index.php(56): CodeIgniter\Boot::bootWeb(Object(Config\Paths))
CRITICAL - 2024-04-26 11:16:42 --> CodeIgniter\HTTP\Exceptions\BadRequestException: The URI you submitted has disallowed characters: "<"
[Method: GET, Route: customer/%3C]
in SYSTEMPATH\Router\Router.php on line 736.
 1 SYSTEMPATH\Router\Router.php(203): CodeIgniter\Router\Router->checkDisallowedChars('customer/<')
 2 SYSTEMPATH\CodeIgniter.php(834): CodeIgniter\Router\Router->handle('customer/<')
 3 SYSTEMPATH\CodeIgniter.php(457): CodeIgniter\CodeIgniter->tryToRouteIt(Object(CodeIgniter\Router\RouteCollection))
 4 SYSTEMPATH\CodeIgniter.php(355): CodeIgniter\CodeIgniter->handleRequest(null, Object(Config\Cache), false)
 5 SYSTEMPATH\Boot.php(312): CodeIgniter\CodeIgniter->run()
 6 SYSTEMPATH\Boot.php(67): CodeIgniter\Boot::runCodeIgniter(Object(CodeIgniter\CodeIgniter))
 7 FCPATH\index.php(56): CodeIgniter\Boot::bootWeb(Object(Config\Paths))
CRITICAL - 2024-04-26 11:16:47 --> CodeIgniter\HTTP\Exceptions\BadRequestException: The URI you submitted has disallowed characters: "<"
[Method: GET, Route: customer/%3C]
in SYSTEMPATH\Router\Router.php on line 736.
 1 SYSTEMPATH\Router\Router.php(203): CodeIgniter\Router\Router->checkDisallowedChars('customer/<')
 2 SYSTEMPATH\CodeIgniter.php(834): CodeIgniter\Router\Router->handle('customer/<')
 3 SYSTEMPATH\CodeIgniter.php(457): CodeIgniter\CodeIgniter->tryToRouteIt(Object(CodeIgniter\Router\RouteCollection))
 4 SYSTEMPATH\CodeIgniter.php(355): CodeIgniter\CodeIgniter->handleRequest(null, Object(Config\Cache), false)
 5 SYSTEMPATH\Boot.php(312): CodeIgniter\CodeIgniter->run()
 6 SYSTEMPATH\Boot.php(67): CodeIgniter\Boot::runCodeIgniter(Object(CodeIgniter\CodeIgniter))
 7 FCPATH\index.php(56): CodeIgniter\Boot::bootWeb(Object(Config\Paths))
CRITICAL - 2024-04-26 11:16:53 --> CodeIgniter\HTTP\Exceptions\BadRequestException: The URI you submitted has disallowed characters: "<"
[Method: GET, Route: customer/%3C]
in SYSTEMPATH\Router\Router.php on line 736.
 1 SYSTEMPATH\Router\Router.php(203): CodeIgniter\Router\Router->checkDisallowedChars('customer/<')
 2 SYSTEMPATH\CodeIgniter.php(834): CodeIgniter\Router\Router->handle('customer/<')
 3 SYSTEMPATH\CodeIgniter.php(457): CodeIgniter\CodeIgniter->tryToRouteIt(Object(CodeIgniter\Router\RouteCollection))
 4 SYSTEMPATH\CodeIgniter.php(355): CodeIgniter\CodeIgniter->handleRequest(null, Object(Config\Cache), false)
 5 SYSTEMPATH\Boot.php(312): CodeIgniter\CodeIgniter->run()
 6 SYSTEMPATH\Boot.php(67): CodeIgniter\Boot::runCodeIgniter(Object(CodeIgniter\CodeIgniter))
 7 FCPATH\index.php(56): CodeIgniter\Boot::bootWeb(Object(Config\Paths))
ERROR - 2024-04-26 12:24:49 --> Error connecting to the database: mysqli_sql_exception: Access denied for user 'ballapo7_echo4'@'localhost' (using password: YES) in C:\xampp\htdocs\introcrm\system\Database\MySQLi\Connection.php:186
Stack trace:
#0 C:\xampp\htdocs\introcrm\system\Database\MySQLi\Connection.php(186): mysqli->real_connect('localhost', 'ballapo7_echo4', Object(SensitiveParameterValue), 'ballapo7_echo4', 3306, '', 0)
#1 C:\xampp\htdocs\introcrm\system\Database\BaseConnection.php(420): CodeIgniter\Database\MySQLi\Connection->connect(false)
#2 C:\xampp\htdocs\introcrm\system\Database\BaseConnection.php(603): CodeIgniter\Database\BaseConnection->initialize()
#3 C:\xampp\htdocs\introcrm\system\Database\BaseBuilder.php(1713): CodeIgniter\Database\BaseConnection->query('SELECT COUNT(*)...', Array, false)
#4 C:\xampp\htdocs\introcrm\system\Model.php(666): CodeIgniter\Database\BaseBuilder->countAllResults(false)
#5 C:\xampp\htdocs\introcrm\system\BaseModel.php(1281): CodeIgniter\Model->countAllResults(false)
#6 C:\xampp\htdocs\introcrm\app\Controllers\Dashboard.php(132): CodeIgniter\BaseModel->paginate()
#7 C:\xampp\htdocs\introcrm\system\CodeIgniter.php(933): App\Controllers\Dashboard->index()
#8 C:\xampp\htdocs\introcrm\system\CodeIgniter.php(509): CodeIgniter\CodeIgniter->runController(Object(App\Controllers\Dashboard))
#9 C:\xampp\htdocs\introcrm\system\CodeIgniter.php(355): CodeIgniter\CodeIgniter->handleRequest(NULL, Object(Config\Cache), false)
#10 C:\xampp\htdocs\introcrm\system\Boot.php(312): CodeIgniter\CodeIgniter->run()
#11 C:\xampp\htdocs\introcrm\system\Boot.php(67): CodeIgniter\Boot::runCodeIgniter(Object(CodeIgniter\CodeIgniter))
#12 C:\xampp\htdocs\introcrm\index.php(56): CodeIgniter\Boot::bootWeb(Object(Config\Paths))
#13 {main}

Next CodeIgniter\Database\Exceptions\DatabaseException: Access denied for user '****'@'localhost' (using password: YES) in C:\xampp\htdocs\introcrm\system\Database\MySQLi\Connection.php:231
Stack trace:
#0 C:\xampp\htdocs\introcrm\system\Database\BaseConnection.php(420): CodeIgniter\Database\MySQLi\Connection->connect(false)
#1 C:\xampp\htdocs\introcrm\system\Database\BaseConnection.php(603): CodeIgniter\Database\BaseConnection->initialize()
#2 C:\xampp\htdocs\introcrm\system\Database\BaseBuilder.php(1713): CodeIgniter\Database\BaseConnection->query('SELECT COUNT(*)...', Array, false)
#3 C:\xampp\htdocs\introcrm\system\Model.php(666): CodeIgniter\Database\BaseBuilder->countAllResults(false)
#4 C:\xampp\htdocs\introcrm\system\BaseModel.php(1281): CodeIgniter\Model->countAllResults(false)
#5 C:\xampp\htdocs\introcrm\app\Controllers\Dashboard.php(132): CodeIgniter\BaseModel->paginate()
#6 C:\xampp\htdocs\introcrm\system\CodeIgniter.php(933): App\Controllers\Dashboard->index()
#7 C:\xampp\htdocs\introcrm\system\CodeIgniter.php(509): CodeIgniter\CodeIgniter->runController(Object(App\Controllers\Dashboard))
#8 C:\xampp\htdocs\introcrm\system\CodeIgniter.php(355): CodeIgniter\CodeIgniter->handleRequest(NULL, Object(Config\Cache), false)
#9 C:\xampp\htdocs\introcrm\system\Boot.php(312): CodeIgniter\CodeIgniter->run()
#10 C:\xampp\htdocs\introcrm\system\Boot.php(67): CodeIgniter\Boot::runCodeIgniter(Object(CodeIgniter\CodeIgniter))
#11 C:\xampp\htdocs\introcrm\index.php(56): CodeIgniter\Boot::bootWeb(Object(Config\Paths))
#12 {main}
CRITICAL - 2024-04-26 12:24:49 --> CodeIgniter\Database\Exceptions\DatabaseException: Unable to connect to the database.
Main connection [MySQLi]: Access denied for user '****'@'localhost' (using password: YES)
[Method: GET, Route: dashboard]
in SYSTEMPATH\Database\BaseConnection.php on line 456.
 1 SYSTEMPATH\Database\BaseConnection.php(603): CodeIgniter\Database\BaseConnection->initialize()
 2 SYSTEMPATH\Database\BaseBuilder.php(1713): CodeIgniter\Database\BaseConnection->query('SELECT COUNT(*) AS `numrows`
FROM `customers`
WHERE `status` = :status:
AND `calldate` = :calldate:
AND `calltime` = :calltime:', [...], false)
 3 SYSTEMPATH\Model.php(666): CodeIgniter\Database\BaseBuilder->countAllResults(false)
 4 SYSTEMPATH\BaseModel.php(1281): CodeIgniter\Model->countAllResults(false)
 5 APPPATH\Controllers\Dashboard.php(132): CodeIgniter\BaseModel->paginate()
 6 SYSTEMPATH\CodeIgniter.php(933): App\Controllers\Dashboard->index()
 7 SYSTEMPATH\CodeIgniter.php(509): CodeIgniter\CodeIgniter->runController(Object(App\Controllers\Dashboard))
 8 SYSTEMPATH\CodeIgniter.php(355): CodeIgniter\CodeIgniter->handleRequest(null, Object(Config\Cache), false)
 9 SYSTEMPATH\Boot.php(312): CodeIgniter\CodeIgniter->run()
10 SYSTEMPATH\Boot.php(67): CodeIgniter\Boot::runCodeIgniter(Object(CodeIgniter\CodeIgniter))
11 FCPATH\index.php(56): CodeIgniter\Boot::bootWeb(Object(Config\Paths))
